This is pdfTeX, Version 3.14159265-2.6-1.40.16 (TeX Live 2015) (preloaded format=pdflatex 2015.5.24)  28 JUN 2017 11:20
entering extended mode
 restricted \write18 enabled.
 %&-line parsing enabled.
**supp.tex
(./supp.tex
LaTeX2e <2015/01/01>
Babel <3.9l> and hyphenation patterns for 79 languages loaded.

! LaTeX Error: Missing \begin{document}.

See the LaTeX manual or LaTeX Companion for explanation.
Type  H <return>  for immediate help.
 ...                                              
                                                  
l.1 \cite{Volden:2014}
                       is a book.
You're in trouble here.  Try typing  <return>  to proceed.
If that doesn't work, type  X <return>  to quit.

Missing character: There is no [ in font nullfont!
\citation{Volden:2014}
! Undefined control sequence.
<write> ...: Citation `\@citeb ' on page \thepage 
                                                  \space undefined\on@line .
l.1 \cite{Volden:2014}
                       is a book.
The control sequence at the end of the top line
of your error message was never \def'ed. If you have
misspelled it (e.g., `\hobx'), type `I' and the correct
spelling (e.g., `I\hbox'). Otherwise just continue,
and I'll forget about whatever was undefined.


LaTeX Warning: Citation `Volden:2014' on page  undefined on input line 1.

Missing character: There is no ] in font nullfont!
Missing character: There is no i in font nullfont!
Missing character: There is no s in font nullfont!
Missing character: There is no a in font nullfont!
Missing character: There is no b in font nullfont!
Missing character: There is no o in font nullfont!
Missing character: There is no o in font nullfont!
Missing character: There is no k in font nullfont!
Missing character: There is no . in font nullfont!

Overfull \hbox (25.43053pt too wide) in paragraph at lines 1--2
[][]
 []

\bibdata{supp_app}
(./supp.bbl

! LaTeX Error: Environment thebibliography undefined.

See the LaTeX manual or LaTeX Companion for explanation.
Type  H <return>  for immediate help.
 ...                                              
                                                  
l.1 \begin{thebibliography}
                           {1}
Your command was ignored.
Type  I <command> <return>  to replace it with another command,
or  <return>  to continue without it.


! LaTeX Error: Missing \begin{document}.

See the LaTeX manual or LaTeX Companion for explanation.
Type  H <return>  for immediate help.
 ...                                              
                                                  
l.1 \begin{thebibliography}{1
                             }
You're in trouble here.  Try typing  <return>  to proceed.
If that doesn't work, type  X <return>  to quit.

Missing character: There is no 1 in font nullfont!

Overfull \hbox (20.0pt too wide) in paragraph at lines 1--2
[] 
 []


! LaTeX Error: Lonely \item--perhaps a missing list environment.

See the LaTeX manual or LaTeX Companion for explanation.
Type  H <return>  for immediate help.
 ...                                              
                                                  
l.3 \bibitem{Volden:2014}
                         
Try typing  <return>  to proceed.
If that doesn't work, type  X <return>  to quit.

! Undefined control sequence.
<argument> \@listctr 
                     
l.3 \bibitem{Volden:2014}
                         
The control sequence at the end of the top line
of your error message was never \def'ed. If you have
misspelled it (e.g., `\hobx'), type `I' and the correct
spelling (e.g., `I\hbox'). Otherwise just continue,
and I'll forget about whatever was undefined.

! You can't use `\relax' after \the.
<recently read> \c@ 
                    
l.3 \bibitem{Volden:2014}
                         
I'm forgetting what you said and using zero instead.

\bibcite{Volden:2014}{0}
Missing character: There is no C in font nullfont!
Missing character: There is no r in font nullfont!
Missing character: There is no a in font nullfont!
Missing character: There is no i in font nullfont!
Missing character: There is no g in font nullfont!
Missing character: There is no V in font nullfont!
Missing character: There is no o in font nullfont!
Missing character: There is no l in font nullfont!
Missing character: There is no d in font nullfont!
Missing character: There is no e in font nullfont!
Missing character: There is no n in font nullfont!
Missing character: There is no a in font nullfont!
Missing character: There is no n in font nullfont!
Missing character: There is no d in font nullfont!
Missing character: There is no A in font nullfont!
Missing character: There is no l in font nullfont!
Missing character: There is no a in font nullfont!
Missing character: There is no n in font nullfont!
Missing character: There is no E in font nullfont!
Missing character: There is no . in font nullfont!
Missing character: There is no W in font nullfont!
Missing character: There is no i in font nullfont!
Missing character: There is no s in font nullfont!
Missing character: There is no e in font nullfont!
Missing character: There is no m in font nullfont!
Missing character: There is no a in font nullfont!
Missing character: There is no n in font nullfont!
Missing character: There is no . in font nullfont!
! Undefined control sequence.
l.5 \newblock
              {\em Legislative Effectiveness in the United States Congress: The
The control sequence at the end of the top line
of your error message was never \def'ed. If you have
misspelled it (e.g., `\hobx'), type `I' and the correct
spelling (e.g., `I\hbox'). Otherwise just continue,
and I'll forget about whatever was undefined.

Missing character: There is no . in font nullfont!
! Undefined control sequence.
l.7 \newblock
              Cambridge University Press, 2014.
The control sequence at the end of the top line
of your error message was never \def'ed. If you have
misspelled it (e.g., `\hobx'), type `I' and the correct
spelling (e.g., `I\hbox'). Otherwise just continue,
and I'll forget about whatever was undefined.

Missing character: There is no C in font nullfont!
Missing character: There is no a in font nullfont!
Missing character: There is no m in font nullfont!
Missing character: There is no b in font nullfont!
Missing character: There is no r in font nullfont!
Missing character: There is no i in font nullfont!
Missing character: There is no d in font nullfont!
Missing character: There is no g in font nullfont!
Missing character: There is no e in font nullfont!
Missing character: There is no U in font nullfont!
Missing character: There is no n in font nullfont!
Missing character: There is no i in font nullfont!
Missing character: There is no v in font nullfont!
Missing character: There is no e in font nullfont!
Missing character: There is no r in font nullfont!
Missing character: There is no s in font nullfont!
Missing character: There is no i in font nullfont!
Missing character: There is no t in font nullfont!
Missing character: There is no y in font nullfont!
Missing character: There is no P in font nullfont!
Missing character: There is no r in font nullfont!
Missing character: There is no e in font nullfont!
Missing character: There is no s in font nullfont!
Missing character: There is no s in font nullfont!
Missing character: There is no , in font nullfont!
Missing character: There is no 2 in font nullfont!
Missing character: There is no 0 in font nullfont!
Missing character: There is no 1 in font nullfont!
Missing character: There is no 4 in font nullfont!
Missing character: There is no . in font nullfont!

Overfull \hbox (18.02759pt too wide) in paragraph at lines 4--8
\OT1/cmr/m/it/10 Leg-
 []


Overfull \hbox (18.39989pt too wide) in paragraph at lines 4--8
\OT1/cmr/m/it/10 isla-
 []


Overfull \hbox (15.58876pt too wide) in paragraph at lines 4--8
\OT1/cmr/m/it/10 tive
 []


Overfull \hbox (13.42769pt too wide) in paragraph at lines 4--8
\OT1/cmr/m/it/10 Ef-
 []


Overfull \hbox (15.33319pt too wide) in paragraph at lines 4--8
\OT1/cmr/m/it/10 fec-
 []


Overfull \hbox (19.1665pt too wide) in paragraph at lines 4--8
\OT1/cmr/m/it/10 tive-
 []


Overfull \hbox (18.39989pt too wide) in paragraph at lines 4--8
\OT1/cmr/m/it/10 ness
 []


Overfull \hbox (8.68884pt too wide) in paragraph at lines 4--8
\OT1/cmr/m/it/10 in
 []


Overfull \hbox (13.03323pt too wide) in paragraph at lines 4--8
\OT1/cmr/m/it/10 the
 []


Overfull \hbox (28.64424pt too wide) in paragraph at lines 4--8
\OT1/cmr/m/it/10 United
 []


Overfull \hbox (26.06648pt too wide) in paragraph at lines 4--8
\OT1/cmr/m/it/10 States
 []


Overfull \hbox (42.03859pt too wide) in paragraph at lines 4--8
\OT1/cmr/m/it/10 Congress:
 []


Overfull \hbox (16.86655pt too wide) in paragraph at lines 4--8
\OT1/cmr/m/it/10 The
 []


Overfull \hbox (21.09428pt too wide) in paragraph at lines 4--8
\OT1/cmr/m/it/10 Law-
 []


Overfull \hbox (21.46652pt too wide) in paragraph at lines 4--8
\OT1/cmr/m/it/10 mak-
 []


Overfull \hbox (12.90546pt too wide) in paragraph at lines 4--8
\OT1/cmr/m/it/10 ers
 []


! LaTeX Error: \begin{document} ended by \end{thebibliography}.

See the LaTeX manual or LaTeX Companion for explanation.
Type  H <return>  for immediate help.
 ...                                              
                                                  
l.9 \end{thebibliography}
                         
Your command was ignored.
Type  I <command> <return>  to replace it with another command,
or  <return>  to continue without it.

))
! Emergency stop.
<*> supp.tex
            
*** (job aborted, no legal \end found)

 
Here is how much of TeX's memory you used:
 17 strings out of 493089
 231 string characters out of 6134842
 53199 words of memory out of 5000000
 3597 multiletter control sequences out of 15000+600000
 4294 words of font info for 16 fonts, out of 8000000 for 9000
 1141 hyphenation exceptions out of 8191
 20i,2n,26p,126b,93s stack positions out of 5000i,500n,10000p,200000b,80000s
!  ==> Fatal error occurred, no output PDF file produced!
