This is pdfTeX, Version 3.14159265-2.6-1.40.15 (MiKTeX 2.9 64-bit) (preloaded format=pdflatex 2016.3.29)  28 FEB 2017 11:12
entering extended mode
**update_01mar.tex
(update_01mar.tex
LaTeX2e <2014/05/01>
Babel <3.9l> and hyphenation patterns for 68 languages loaded.
("C:\Program Files\MiKTeX 2.9\tex\latex\base\article.cls"
Document Class: article 2014/09/29 v1.4h Standard LaTeX document class
("C:\Program Files\MiKTeX 2.9\tex\latex\base\size12.clo"
File: size12.clo 2014/09/29 v1.4h Standard LaTeX file (size option)
)
\c@part=\count79
\c@section=\count80
\c@subsection=\count81
\c@subsubsection=\count82
\c@paragraph=\count83
\c@subparagraph=\count84
\c@figure=\count85
\c@table=\count86
\abovecaptionskip=\skip41
\belowcaptionskip=\skip42
\bibindent=\dimen102
)
("C:\Program Files\MiKTeX 2.9\tex\latex\setspace\setspace.sty"
Package: setspace 2011/12/19 v6.7a set line spacing
)
("C:\Program Files\MiKTeX 2.9\tex\latex\graphics\graphicx.sty"
Package: graphicx 2014/10/28 v1.0g Enhanced LaTeX Graphics (DPC,SPQR)

("C:\Program Files\MiKTeX 2.9\tex\latex\graphics\keyval.sty"
Package: keyval 2014/10/28 v1.15 key=value parser (DPC)
\KV@toks@=\toks14
)
("C:\Program Files\MiKTeX 2.9\tex\latex\graphics\graphics.sty"
Package: graphics 2014/10/28 v1.0p Standard LaTeX Graphics (DPC,SPQR)

("C:\Program Files\MiKTeX 2.9\tex\latex\graphics\trig.sty"
Package: trig 1999/03/16 v1.09 sin cos tan (DPC)
)
("C:\Program Files\MiKTeX 2.9\tex\latex\00miktex\graphics.cfg"
File: graphics.cfg 2007/01/18 v1.5 graphics configuration of teTeX/TeXLive
)
Package graphics Info: Driver file: pdftex.def on input line 91.

("C:\Program Files\MiKTeX 2.9\tex\latex\pdftex-def\pdftex.def"
File: pdftex.def 2011/05/27 v0.06d Graphics/color for pdfTeX

("C:\Program Files\MiKTeX 2.9\tex\generic\oberdiek\infwarerr.sty"
Package: infwarerr 2010/04/08 v1.3 Providing info/warning/error messages (HO)
)
("C:\Program Files\MiKTeX 2.9\tex\generic\oberdiek\ltxcmds.sty"
Package: ltxcmds 2011/11/09 v1.22 LaTeX kernel commands for general use (HO)
)
\Gread@gobject=\count87
))
\Gin@req@height=\dimen103
\Gin@req@width=\dimen104
)
("C:\Program Files\MiKTeX 2.9\tex\latex\preprint\fullpage.sty"
Package: fullpage 1999/02/23 1.1 (PWD)
\FP@margin=\skip43
)
("C:\Program Files\MiKTeX 2.9\tex\latex\amsfonts\amssymb.sty"
Package: amssymb 2013/01/14 v3.01 AMS font symbols

("C:\Program Files\MiKTeX 2.9\tex\latex\amsfonts\amsfonts.sty"
Package: amsfonts 2013/01/14 v3.01 Basic AMSFonts support
\@emptytoks=\toks15
\symAMSa=\mathgroup4
\symAMSb=\mathgroup5
LaTeX Font Info:    Overwriting math alphabet `\mathfrak' in version `bold'
(Font)                  U/euf/m/n --> U/euf/b/n on input line 106.
))
("C:\Program Files\MiKTeX 2.9\tex\latex\amsmath\amsmath.sty"
Package: amsmath 2013/01/14 v2.14 AMS math features
\@mathmargin=\skip44

For additional information on amsmath, use the `?' option.
("C:\Program Files\MiKTeX 2.9\tex\latex\amsmath\amstext.sty"
Package: amstext 2000/06/29 v2.01

("C:\Program Files\MiKTeX 2.9\tex\latex\amsmath\amsgen.sty"
File: amsgen.sty 1999/11/30 v2.0
\@emptytoks=\toks16
\ex@=\dimen105
))
("C:\Program Files\MiKTeX 2.9\tex\latex\amsmath\amsbsy.sty"
Package: amsbsy 1999/11/29 v1.2d
\pmbraise@=\dimen106
)
("C:\Program Files\MiKTeX 2.9\tex\latex\amsmath\amsopn.sty"
Package: amsopn 1999/12/14 v2.01 operator names
)
\inf@bad=\count88
LaTeX Info: Redefining \frac on input line 210.
\uproot@=\count89
\leftroot@=\count90
LaTeX Info: Redefining \overline on input line 306.
\classnum@=\count91
\DOTSCASE@=\count92
LaTeX Info: Redefining \ldots on input line 378.
LaTeX Info: Redefining \dots on input line 381.
LaTeX Info: Redefining \cdots on input line 466.
\Mathstrutbox@=\box26
\strutbox@=\box27
\big@size=\dimen107
LaTeX Font Info:    Redeclaring font encoding OML on input line 566.
LaTeX Font Info:    Redeclaring font encoding OMS on input line 567.
\macc@depth=\count93
\c@MaxMatrixCols=\count94
\dotsspace@=\muskip10
\c@parentequation=\count95
\dspbrk@lvl=\count96
\tag@help=\toks17
\row@=\count97
\column@=\count98
\maxfields@=\count99
\andhelp@=\toks18
\eqnshift@=\dimen108
\alignsep@=\dimen109
\tagshift@=\dimen110
\tagwidth@=\dimen111
\totwidth@=\dimen112
\lineht@=\dimen113
\@envbody=\toks19
\multlinegap=\skip45
\multlinetaggap=\skip46
\mathdisplay@stack=\toks20
LaTeX Info: Redefining \[ on input line 2665.
LaTeX Info: Redefining \] on input line 2666.
)
("C:\Program Files\MiKTeX 2.9\tex\latex\graphics\epsfig.sty"
Package: epsfig 1999/02/16 v1.7a (e)psfig emulation (SPQR)
\epsfxsize=\dimen114
\epsfysize=\dimen115
)
("C:\Program Files\MiKTeX 2.9\tex\latex\natbib\natbib.sty"
Package: natbib 2010/09/13 8.31b (PWD, AO)
\bibhang=\skip47
\bibsep=\skip48
LaTeX Info: Redefining \cite on input line 694.
\c@NAT@ctr=\count100
)
("C:\Program Files\MiKTeX 2.9\tex\latex\tools\array.sty"
Package: array 2014/10/28 v2.4c Tabular extension package (FMi)
\col@sep=\dimen116
\extrarowheight=\dimen117
\NC@list=\toks21
\extratabsurround=\skip49
\backup@length=\skip50
)
("C:\Program Files\MiKTeX 2.9\tex\latex\multirow\multirow.sty"
\bigstrutjot=\dimen118
)
("C:\Program Files\MiKTeX 2.9\tex\latex\hyperref\hyperref.sty"
Package: hyperref 2012/11/06 v6.83m Hypertext links for LaTeX

("C:\Program Files\MiKTeX 2.9\tex\generic\oberdiek\hobsub-hyperref.sty"
Package: hobsub-hyperref 2012/04/25 v1.12 Bundle oberdiek, subset hyperref (HO)


("C:\Program Files\MiKTeX 2.9\tex\generic\oberdiek\hobsub-generic.sty"
Package: hobsub-generic 2012/04/25 v1.12 Bundle oberdiek, subset generic (HO)
Package: hobsub 2012/04/25 v1.12 Construct package bundles (HO)
Package hobsub Info: Skipping package `infwarerr' (already loaded).
Package hobsub Info: Skipping package `ltxcmds' (already loaded).
Package: ifluatex 2010/03/01 v1.3 Provides the ifluatex switch (HO)
Package ifluatex Info: LuaTeX not detected.
Package: ifvtex 2010/03/01 v1.5 Detect VTeX and its facilities (HO)
Package ifvtex Info: VTeX not detected.
Package: intcalc 2007/09/27 v1.1 Expandable calculations with integers (HO)
Package: ifpdf 2011/01/30 v2.3 Provides the ifpdf switch (HO)
Package ifpdf Info: pdfTeX in PDF mode is detected.
Package: etexcmds 2011/02/16 v1.5 Avoid name clashes with e-TeX commands (HO)
Package etexcmds Info: Could not find \expanded.
(etexcmds)             That can mean that you are not using pdfTeX 1.50 or
(etexcmds)             that some package has redefined \expanded.
(etexcmds)             In the latter case, load this package earlier.
Package: kvsetkeys 2012/04/25 v1.16 Key value parser (HO)
Package: kvdefinekeys 2011/04/07 v1.3 Define keys (HO)
Package: pdftexcmds 2011/11/29 v0.20 Utility functions of pdfTeX for LuaTeX (HO
)
Package pdftexcmds Info: LuaTeX not detected.
Package pdftexcmds Info: \pdf@primitive is available.
Package pdftexcmds Info: \pdf@ifprimitive is available.
Package pdftexcmds Info: \pdfdraftmode found.
Package: pdfescape 2011/11/25 v1.13 Implements pdfTeX's escape features (HO)
Package: bigintcalc 2012/04/08 v1.3 Expandable calculations on big integers (HO
)
Package: bitset 2011/01/30 v1.1 Handle bit-vector datatype (HO)
Package: uniquecounter 2011/01/30 v1.2 Provide unlimited unique counter (HO)
)
Package hobsub Info: Skipping package `hobsub' (already loaded).
Package: letltxmacro 2010/09/02 v1.4 Let assignment for LaTeX macros (HO)
Package: hopatch 2011/06/24 v1.1 Wrapper for package hooks (HO)
Package: xcolor-patch 2011/01/30 xcolor patch
Package: atveryend 2011/06/30 v1.8 Hooks at the very end of document (HO)
Package atveryend Info: \enddocument detected (standard20110627).
Package: atbegshi 2011/10/05 v1.16 At begin shipout hook (HO)
Package: refcount 2011/10/16 v3.4 Data extraction from label references (HO)
Package: hycolor 2011/01/30 v1.7 Color options for hyperref/bookmark (HO)
)
("C:\Program Files\MiKTeX 2.9\tex\generic\ifxetex\ifxetex.sty"
Package: ifxetex 2010/09/12 v0.6 Provides ifxetex conditional
)
("C:\Program Files\MiKTeX 2.9\tex\latex\oberdiek\auxhook.sty"
Package: auxhook 2011/03/04 v1.3 Hooks for auxiliary files (HO)
)
("C:\Program Files\MiKTeX 2.9\tex\latex\oberdiek\kvoptions.sty"
Package: kvoptions 2011/06/30 v3.11 Key value format for package options (HO)
)
\@linkdim=\dimen119
\Hy@linkcounter=\count101
\Hy@pagecounter=\count102

("C:\Program Files\MiKTeX 2.9\tex\latex\hyperref\pd1enc.def"
File: pd1enc.def 2012/11/06 v6.83m Hyperref: PDFDocEncoding definition (HO)
)
\Hy@SavedSpaceFactor=\count103

("C:\Program Files\MiKTeX 2.9\tex\latex\00miktex\hyperref.cfg"
File: hyperref.cfg 2002/06/06 v1.2 hyperref configuration of TeXLive
)
Package hyperref Info: Hyper figures OFF on input line 4443.
Package hyperref Info: Link nesting OFF on input line 4448.
Package hyperref Info: Hyper index ON on input line 4451.
Package hyperref Info: Plain pages OFF on input line 4458.
Package hyperref Info: Backreferencing OFF on input line 4463.
Package hyperref Info: Implicit mode ON; LaTeX internals redefined.
Package hyperref Info: Bookmarks ON on input line 4688.
\c@Hy@tempcnt=\count104

("C:\Program Files\MiKTeX 2.9\tex\latex\url\url.sty"
\Urlmuskip=\muskip11
Package: url 2013/09/16  ver 3.4  Verb mode for urls, etc.
)
LaTeX Info: Redefining \url on input line 5041.
\XeTeXLinkMargin=\dimen120
\Fld@menulength=\count105
\Field@Width=\dimen121
\Fld@charsize=\dimen122
Package hyperref Info: Hyper figures OFF on input line 6295.
Package hyperref Info: Link nesting OFF on input line 6300.
Package hyperref Info: Hyper index ON on input line 6303.
Package hyperref Info: backreferencing OFF on input line 6310.
Package hyperref Info: Link coloring OFF on input line 6315.
Package hyperref Info: Link coloring with OCG OFF on input line 6320.
Package hyperref Info: PDF/A mode OFF on input line 6325.
LaTeX Info: Redefining \ref on input line 6365.
LaTeX Info: Redefining \pageref on input line 6369.
\Hy@abspage=\count106
\c@Item=\count107
\c@Hfootnote=\count108
)

Package hyperref Message: Driver (autodetected): hpdftex.

("C:\Program Files\MiKTeX 2.9\tex\latex\hyperref\hpdftex.def"
File: hpdftex.def 2012/11/06 v6.83m Hyperref driver for pdfTeX
\Fld@listcount=\count109
\c@bookmark@seq@number=\count110

("C:\Program Files\MiKTeX 2.9\tex\latex\oberdiek\rerunfilecheck.sty"
Package: rerunfilecheck 2011/04/15 v1.7 Rerun checks for auxiliary files (HO)
Package uniquecounter Info: New unique counter `rerunfilecheck' on input line 2
82.
)
\Hy@SectionHShift=\skip51
)
("C:\Program Files\MiKTeX 2.9\tex\latex\tools\bm.sty"
Package: bm 2014/10/28 v1.1c Bold Symbol Support (DPC/FMi)
\symboldoperators=\mathgroup6
\symboldletters=\mathgroup7
\symboldsymbols=\mathgroup8
LaTeX Font Info:    Redeclaring math alphabet \mathbf on input line 137.
LaTeX Info: Redefining \bm on input line 203.
)
("C:\Program Files\MiKTeX 2.9\tex\latex\tools\dcolumn.sty"
Package: dcolumn 2014/10/28 v1.06 decimal alignment package (DPC)
)
("C:\Program Files\MiKTeX 2.9\tex\latex\subfigure\subfigure.sty"
Package: subfigure 2002/07/30 v2.1.4 subfigure package
\subfigtopskip=\skip52
\subfigcapskip=\skip53
\subfigcaptopadj=\dimen123
\subfigbottomskip=\skip54
\subfigcapmargin=\dimen124
\subfiglabelskip=\skip55
\c@subfigure=\count111
\c@lofdepth=\count112
\c@subtable=\count113
\c@lotdepth=\count114

****************************************
* Local config file subfigure.cfg used *
****************************************
("C:\Program Files\MiKTeX 2.9\tex\latex\subfigure\subfigure.cfg")
\subfig@top=\skip56
\subfig@bottom=\skip57
)
("C:\Program Files\MiKTeX 2.9\tex\latex\float\float.sty"
Package: float 2001/11/08 v1.3d Float enhancements (AL)
\c@float@type=\count115
\float@exts=\toks22
\float@box=\box28
\@float@everytoks=\toks23
\@floatcapt=\box29
)
("C:\Program Files\MiKTeX 2.9\tex\latex\geometry\geometry.sty"
Package: geometry 2010/09/12 v5.6 Page Geometry
\Gm@cnth=\count116
\Gm@cntv=\count117
\c@Gm@tempcnt=\count118
\Gm@bindingoffset=\dimen125
\Gm@wd@mp=\dimen126
\Gm@odd@mp=\dimen127
\Gm@even@mp=\dimen128
\Gm@layoutwidth=\dimen129
\Gm@layoutheight=\dimen130
\Gm@layouthoffset=\dimen131
\Gm@layoutvoffset=\dimen132
\Gm@dimlist=\toks24

("C:\Program Files\MiKTeX 2.9\tex\latex\geometry\geometry.cfg"))
("C:\Program Files\MiKTeX 2.9\tex\latex\tools\verbatim.sty"
Package: verbatim 2014/10/28 v1.5q LaTeX2e package for verbatim enhancements
\every@verbatim=\toks25
\verbatim@line=\toks26
\verbatim@in@stream=\read1
)
("C:\Program Files\MiKTeX 2.9\tex\latex\tools\enumerate.sty"
Package: enumerate 2014/10/28 v3.00 enumerate extensions (DPC)
\@enLab=\toks27
) (update_01mar.aux)
LaTeX Font Info:    Checking defaults for OML/cmm/m/it on input line 12.
LaTeX Font Info:    ... okay on input line 12.
LaTeX Font Info:    Checking defaults for T1/cmr/m/n on input line 12.
LaTeX Font Info:    ... okay on input line 12.
LaTeX Font Info:    Checking defaults for OT1/cmr/m/n on input line 12.
LaTeX Font Info:    ... okay on input line 12.
LaTeX Font Info:    Checking defaults for OMS/cmsy/m/n on input line 12.
LaTeX Font Info:    ... okay on input line 12.
LaTeX Font Info:    Checking defaults for OMX/cmex/m/n on input line 12.
LaTeX Font Info:    ... okay on input line 12.
LaTeX Font Info:    Checking defaults for U/cmr/m/n on input line 12.
LaTeX Font Info:    ... okay on input line 12.
LaTeX Font Info:    Checking defaults for PD1/pdf/m/n on input line 12.
LaTeX Font Info:    ... okay on input line 12.
 ("C:\Program Files\MiKTeX 2.9\tex\context\base\supp-pdf.mkii"
[Loading MPS to PDF converter (version 2006.09.02).]
\scratchcounter=\count119
\scratchdimen=\dimen133
\scratchbox=\box30
\nofMPsegments=\count120
\nofMParguments=\count121
\everyMPshowfont=\toks28
\MPscratchCnt=\count122
\MPscratchDim=\dimen134
\MPnumerator=\count123
\makeMPintoPDFobject=\count124
\everyMPtoPDFconversion=\toks29
)
\AtBeginShipoutBox=\box31
Package hyperref Info: Link coloring OFF on input line 12.
 ("C:\Program Files\MiKTeX 2.9\tex\latex\hyperref\nameref.sty"
Package: nameref 2012/10/27 v2.43 Cross-referencing by name of section

("C:\Program Files\MiKTeX 2.9\tex\generic\oberdiek\gettitlestring.sty"
Package: gettitlestring 2010/12/03 v1.4 Cleanup title references (HO)
)
\c@section@level=\count125
)
LaTeX Info: Redefining \ref on input line 12.
LaTeX Info: Redefining \pageref on input line 12.
LaTeX Info: Redefining \nameref on input line 12.

(update_01mar.out) (update_01mar.out)
\@outlinefile=\write3

*geometry* driver: auto-detecting
*geometry* detected driver: pdftex
*geometry* verbose mode - [ preamble ] result:
* driver: pdftex
* paper: <default>
* layout: <same size as paper>
* layoutoffset:(h,v)=(0.0pt,0.0pt)
* modes: 
* h-part:(L,W,R)=(72.26999pt, 469.75502pt, 72.26999pt)
* v-part:(T,H,B)=(72.26999pt, 650.43001pt, 72.26999pt)
* \paperwidth=614.295pt
* \paperheight=794.96999pt
* \textwidth=469.75502pt
* \textheight=650.43001pt
* \oddsidemargin=0.0pt
* \evensidemargin=0.0pt
* \topmargin=0.0pt
* \headheight=0.0pt
* \headsep=0.0pt
* \topskip=12.0pt
* \footskip=30.0pt
* \marginparwidth=44.0pt
* \marginparsep=10.0pt
* \columnsep=10.0pt
* \skip\footins=10.8pt plus 4.0pt minus 2.0pt
* \hoffset=0.0pt
* \voffset=0.0pt
* \mag=1000
* \@twocolumnfalse
* \@twosidefalse
* \@mparswitchfalse
* \@reversemarginfalse
* (1in=72.27pt=25.4mm, 1cm=28.453pt)

LaTeX Font Info:    Try loading font information for OMS+cmr on input line 23.
("C:\Program Files\MiKTeX 2.9\tex\latex\base\omscmr.fd"
File: omscmr.fd 2014/09/29 v2.5h Standard LaTeX font definitions
)
LaTeX Font Info:    Font shape `OMS/cmr/m/n' in size <12> not available
(Font)              Font shape `OMS/cmsy/m/n' tried instead on input line 23.
LaTeX Font Info:    Try loading font information for U+msa on input line 25.

("C:\Program Files\MiKTeX 2.9\tex\latex\amsfonts\umsa.fd"
File: umsa.fd 2013/01/14 v3.01 AMS symbols A
)
LaTeX Font Info:    Try loading font information for U+msb on input line 25.

("C:\Program Files\MiKTeX 2.9\tex\latex\amsfonts\umsb.fd"
File: umsb.fd 2013/01/14 v3.01 AMS symbols B
) [1

{C:/ProgramData/MiKTeX/2.9/pdftex/config/pdftex.map}]

Package hyperref Warning: Token not allowed in a PDF string (PDFDocEncoding):
(hyperref)                removing `math shift' on input line 39.


Package hyperref Warning: Token not allowed in a PDF string (PDFDocEncoding):
(hyperref)                removing `\times' on input line 39.


Package hyperref Warning: Token not allowed in a PDF string (PDFDocEncoding):
(hyperref)                removing `math shift' on input line 39.

[2

pdfTeX warning (ext4): destination with the same identifier (name{table.1}) has
 been already used, duplicate ignored

\AtBegShi@Output ...ipout \box \AtBeginShipoutBox 
                                                  \fi \fi 
l.71 \clearpage
               pdfTeX warning (ext4): destination with the same identifier (nam
e{table.2}) has been already used, duplicate ignored

\AtBegShi@Output ...ipout \box \AtBeginShipoutBox 
                                                  \fi \fi 
l.71 \clearpage
               ]
<C:/Users/Ethan/Documents/GitHub/partycalls/plots/party_call_percent_plot_senat
e_lm.pdf, id=56, 485.815pt x 268.00125pt>
File: C:/Users/Ethan/Documents/GitHub/partycalls/plots/party_call_percent_plot_
senate_lm.pdf Graphic file (type pdf)

<use C:/Users/Ethan/Documents/GitHub/partycalls/plots/party_call_percent_plot_s
enate_lm.pdf>
Package pdftex.def Info: C:/Users/Ethan/Documents/GitHub/partycalls/plots/party
_call_percent_plot_senate_lm.pdf used on input line 78.
(pdftex.def)             Requested size: 369.88582pt x 204.047pt.

<C:/Users/Ethan/Documents/GitHub/partycalls/plots/party_call_percent_plot_house
_lm.pdf, id=57, 485.815pt x 268.00125pt>
File: C:/Users/Ethan/Documents/GitHub/partycalls/plots/party_call_percent_plot_
house_lm.pdf Graphic file (type pdf)

<use C:/Users/Ethan/Documents/GitHub/partycalls/plots/party_call_percent_plot_h
ouse_lm.pdf>
Package pdftex.def Info: C:/Users/Ethan/Documents/GitHub/partycalls/plots/party
_call_percent_plot_house_lm.pdf used on input line 85.
(pdftex.def)             Requested size: 369.88582pt x 204.047pt.
 [3

pdfTeX warning (ext4): destination with the same identifier (name{figure.1}) ha
s been already used, duplicate ignored

\AtBegShi@Output ...ipout \box \AtBeginShipoutBox 
                                                  \fi \fi 
l.89 \clearpage
               pdfTeX warning (ext4): destination with the same identifier (nam
e{figure.2}) has been already used, duplicate ignored

\AtBegShi@Output ...ipout \box \AtBeginShipoutBox 
                                                  \fi \fi 
l.89 \clearpage
                <C:/Users/Ethan/Documents/GitHub/partycalls/plots/party_call_pe
rcent_plot_senate_lm.pdf> <C:/Users/Ethan/Documents/GitHub/partycalls/plots/par
ty_call_percent_plot_house_lm.pdf>]
<C:/Users/Ethan/Documents/GitHub/partycalls/plots/senate-figure2-party.pdf, id=
76, 289.08pt x 578.16pt>
File: C:/Users/Ethan/Documents/GitHub/partycalls/plots/senate-figure2-party.pdf
 Graphic file (type pdf)

<use C:/Users/Ethan/Documents/GitHub/partycalls/plots/senate-figure2-party.pdf>
Package pdftex.def Info: C:/Users/Ethan/Documents/GitHub/partycalls/plots/senat
e-figure2-party.pdf used on input line 96.
(pdftex.def)             Requested size: 227.62204pt x 455.24165pt.

<C:/Users/Ethan/Documents/GitHub/partycalls/plots/senate-figure2-southern-other
-dems.pdf, id=77, 289.08pt x 578.16pt>
File: C:/Users/Ethan/Documents/GitHub/partycalls/plots/senate-figure2-southern-
other-dems.pdf Graphic file (type pdf)

<use C:/Users/Ethan/Documents/GitHub/partycalls/plots/senate-figure2-southern-o
ther-dems.pdf>
Package pdftex.def Info: C:/Users/Ethan/Documents/GitHub/partycalls/plots/senat
e-figure2-southern-other-dems.pdf used on input line 102.
(pdftex.def)             Requested size: 227.62204pt x 455.24165pt.

<C:/Users/Ethan/Documents/GitHub/partycalls/plots/senate-figure2-gingrich-other
-reps.pdf, id=78, 289.08pt x 578.16pt>
File: C:/Users/Ethan/Documents/GitHub/partycalls/plots/senate-figure2-gingrich-
other-reps.pdf Graphic file (type pdf)

<use C:/Users/Ethan/Documents/GitHub/partycalls/plots/senate-figure2-gingrich-o
ther-reps.pdf>
Package pdftex.def Info: C:/Users/Ethan/Documents/GitHub/partycalls/plots/senat
e-figure2-gingrich-other-reps.pdf used on input line 108.
(pdftex.def)             Requested size: 227.62204pt x 455.24165pt.

<C:/Users/Ethan/Documents/GitHub/partycalls/plots/senate-figure2-reelection.pdf
, id=79, 289.08pt x 578.16pt>
File: C:/Users/Ethan/Documents/GitHub/partycalls/plots/senate-figure2-reelectio
n.pdf Graphic file (type pdf)

<use C:/Users/Ethan/Documents/GitHub/partycalls/plots/senate-figure2-reelection
.pdf>
Package pdftex.def Info: C:/Users/Ethan/Documents/GitHub/partycalls/plots/senat
e-figure2-reelection.pdf used on input line 114.
(pdftex.def)             Requested size: 227.62204pt x 455.24165pt.
 [4

pdfTeX warning (ext4): destination with the same identifier (name{figure.3}) ha
s been already used, duplicate ignored

\AtBegShi@Output ...ipout \box \AtBeginShipoutBox 
                                                  \fi \fi 
l.117 \clearpage
                 <C:/Users/Ethan/Documents/GitHub/partycalls/plots/senate-figur
e2-party.pdf>] [5pdfTeX warning (ext4): destination with the same identifier (n
ame{figure.4}) has been already used, duplicate ignored

\AtBegShi@Output ...ipout \box \AtBeginShipoutBox 
                                                  \fi \fi 
l.117 \clearpage
                 <C:/Users/Ethan/Documents/GitHub/partycalls/plots/senate-figur
e2-southern-other-dems.pdf>] [6pdfTeX warning (ext4): destination with the same
 identifier (name{figure.5}) has been already used, duplicate ignored

\AtBegShi@Output ...ipout \box \AtBeginShipoutBox 
                                                  \fi \fi 
l.117 \clearpage
                 <C:/Users/Ethan/Documents/GitHub/partycalls/plots/senate-figur
e2-gingrich-other-reps.pdf>] [7pdfTeX warning (ext4): destination with the same
 identifier (name{figure.6}) has been already used, duplicate ignored

\AtBegShi@Output ...ipout \box \AtBeginShipoutBox 
                                                  \fi \fi 
l.117 \clearpage
                 <C:/Users/Ethan/Documents/GitHub/partycalls/plots/senate-figur
e2-reelection.pdf>]
<C:/Users/Ethan/Documents/GitHub/partycalls/plots/who-heeds-figure2-replication
_party.pdf, id=129, 289.08pt x 578.16pt>
File: C:/Users/Ethan/Documents/GitHub/partycalls/plots/who-heeds-figure2-replic
ation_party.pdf Graphic file (type pdf)

<use C:/Users/Ethan/Documents/GitHub/partycalls/plots/who-heeds-figure2-replica
tion_party.pdf>
Package pdftex.def Info: C:/Users/Ethan/Documents/GitHub/partycalls/plots/who-h
eeds-figure2-replication_party.pdf used on input line 124.
(pdftex.def)             Requested size: 227.62204pt x 455.24165pt.

<C:/Users/Ethan/Documents/GitHub/partycalls/plots/who-heeds-figure2-replication
-south-other-dems.pdf, id=130, 289.08pt x 578.16pt>
File: C:/Users/Ethan/Documents/GitHub/partycalls/plots/who-heeds-figure2-replic
ation-south-other-dems.pdf Graphic file (type pdf)

<use C:/Users/Ethan/Documents/GitHub/partycalls/plots/who-heeds-figure2-replica
tion-south-other-dems.pdf>
Package pdftex.def Info: C:/Users/Ethan/Documents/GitHub/partycalls/plots/who-h
eeds-figure2-replication-south-other-dems.pdf used on input line 130.
(pdftex.def)             Requested size: 227.62204pt x 455.24165pt.
 [8

pdfTeX warning (ext4): destination with the same identifier (name{figure.7}) ha
s been already used, duplicate ignored

\AtBegShi@Output ...ipout \box \AtBeginShipoutBox 
                                                  \fi \fi 
l.133 \clearpage
                 <C:/Users/Ethan/Documents/GitHub/partycalls/plots/who-heeds-fi
gure2-replication_party.pdf>] [9pdfTeX warning (ext4): destination with the sam
e identifier (name{figure.8}) has been already used, duplicate ignored

\AtBegShi@Output ...ipout \box \AtBeginShipoutBox 
                                                  \fi \fi 
l.133 \clearpage
                 <C:/Users/Ethan/Documents/GitHub/partycalls/plots/who-heeds-fi
gure2-replication-south-other-dems.pdf>]
<C:/Users/Ethan/Documents/GitHub/partycalls/plots/house_lm_rep_iv-dv_majority.p
df, id=155, 485.815pt x 268.00125pt>
File: C:/Users/Ethan/Documents/GitHub/partycalls/plots/house_lm_rep_iv-dv_major
ity.pdf Graphic file (type pdf)

<use C:/Users/Ethan/Documents/GitHub/partycalls/plots/house_lm_rep_iv-dv_majori
ty.pdf>
Package pdftex.def Info: C:/Users/Ethan/Documents/GitHub/partycalls/plots/house
_lm_rep_iv-dv_majority.pdf used on input line 140.
(pdftex.def)             Requested size: 369.88582pt x 204.047pt.

<C:/Users/Ethan/Documents/GitHub/partycalls/plots/house_lm_rep_iv-iv_majority.p
df, id=156, 485.815pt x 268.00125pt>
File: C:/Users/Ethan/Documents/GitHub/partycalls/plots/house_lm_rep_iv-iv_major
ity.pdf Graphic file (type pdf)

<use C:/Users/Ethan/Documents/GitHub/partycalls/plots/house_lm_rep_iv-iv_majori
ty.pdf>
Package pdftex.def Info: C:/Users/Ethan/Documents/GitHub/partycalls/plots/house
_lm_rep_iv-iv_majority.pdf used on input line 147.
(pdftex.def)             Requested size: 369.88582pt x 204.047pt.
 [10

pdfTeX warning (ext4): destination with the same identifier (name{figure.9}) ha
s been already used, duplicate ignored

\AtBegShi@Output ...ipout \box \AtBeginShipoutBox 
                                                  \fi \fi 
l.150 \clearpage
                pdfTeX warning (ext4): destination with the same identifier (na
me{figure.10}) has been already used, duplicate ignored

\AtBegShi@Output ...ipout \box \AtBeginShipoutBox 
                                                  \fi \fi 
l.150 \clearpage
                 <C:/Users/Ethan/Documents/GitHub/partycalls/plots/house_lm_rep
_iv-dv_majority.pdf> <C:/Users/Ethan/Documents/GitHub/partycalls/plots/house_lm
_rep_iv-iv_majority.pdf>]
Overfull \hbox (10.7693pt too wide) in paragraph at lines 158--206
 [] 
 []

Package atveryend Info: Empty hook `BeforeClearDocument' on input line 227.
[11

]

LaTeX Warning: Text page 12 contains only floats.

[12pdfTeX warning (ext4): destination with the same identifier (name{table.3}) 
has been already used, duplicate ignored

\AtBegShi@Output ...ipout \box \AtBeginShipoutBox 
                                                  \fi \fi 
l.227 \end{document}
                    ]
Package atveryend Info: Empty hook `AfterLastShipout' on input line 227.
 (update_01mar.aux)
Package atveryend Info: Executing hook `AtVeryEndDocument' on input line 227.
Package atveryend Info: Executing hook `AtEndAfterFileList' on input line 227.
Package rerunfilecheck Info: File `update_01mar.out' has not changed.
(rerunfilecheck)             Checksum: 90022D0FFD717EBE63ABE36BA5CDABDD;595.
Package atveryend Info: Empty hook `AtVeryVeryEnd' on input line 227.
 ) 
Here is how much of TeX's memory you used:
 7210 strings out of 493698
 104824 string characters out of 3144412
 199300 words of memory out of 3000000
 10383 multiletter control sequences out of 15000+200000
 21565 words of font info for 80 fonts, out of 3000000 for 9000
 1025 hyphenation exceptions out of 8191
 29i,10n,32p,501b,336s stack positions out of 5000i,500n,10000p,200000b,50000s
<C:/Program Files/MiKTeX 2.9/fonts/type1/public/amsfonts/cm/cmbx12.pfb><C:/Pr
ogram Files/MiKTeX 2.9/fonts/type1/public/amsfonts/cm/cmmi10.pfb><C:/Program Fi
les/MiKTeX 2.9/fonts/type1/public/amsfonts/cm/cmmi8.pfb><C:/Program Files/MiKTe
X 2.9/fonts/type1/public/amsfonts/cm/cmr10.pfb><C:/Program Files/MiKTeX 2.9/fon
ts/type1/public/amsfonts/cm/cmr12.pfb><C:/Program Files/MiKTeX 2.9/fonts/type1/
public/amsfonts/cm/cmr17.pfb><C:/Program Files/MiKTeX 2.9/fonts/type1/public/am
sfonts/cm/cmr7.pfb><C:/Program Files/MiKTeX 2.9/fonts/type1/public/amsfonts/cm/
cmr8.pfb><C:/Program Files/MiKTeX 2.9/fonts/type1/public/amsfonts/cm/cmsy10.pfb
><C:/Program Files/MiKTeX 2.9/fonts/type1/public/amsfonts/cm/cmsy6.pfb><C:/Prog
ram Files/MiKTeX 2.9/fonts/type1/public/amsfonts/cm/cmsy8.pfb><C:/Program Files
/MiKTeX 2.9/fonts/type1/public/amsfonts/cm/cmti10.pfb><C:/Program Files/MiKTeX 
2.9/fonts/type1/public/amsfonts/cm/cmtt12.pfb>
Output written on update_01mar.pdf (12 pages, 255736 bytes).
PDF statistics:
 239 PDF objects out of 1000 (max. 8388607)
 35 named destinations out of 1000 (max. 500000)
 115 words of extra memory for PDF output out of 10000 (max. 10000000)

