This is pdfTeX, Version 3.14159265-2.6-1.40.15 (MiKTeX 2.9 64-bit) (preloaded format=pdflatex 2016.3.29)  21 MAR 2017 12:43
entering extended mode
**update_22mar.tex
(update_22mar.tex
LaTeX2e <2014/05/01>
Babel <3.9l> and hyphenation patterns for 68 languages loaded.
("C:\Program Files\MiKTeX 2.9\tex\latex\base\article.cls"
Document Class: article 2014/09/29 v1.4h Standard LaTeX document class
("C:\Program Files\MiKTeX 2.9\tex\latex\base\size12.clo"
File: size12.clo 2014/09/29 v1.4h Standard LaTeX file (size option)
)
\c@part=\count79
\c@section=\count80
\c@subsection=\count81
\c@subsubsection=\count82
\c@paragraph=\count83
\c@subparagraph=\count84
\c@figure=\count85
\c@table=\count86
\abovecaptionskip=\skip41
\belowcaptionskip=\skip42
\bibindent=\dimen102
)
("C:\Program Files\MiKTeX 2.9\tex\latex\setspace\setspace.sty"
Package: setspace 2011/12/19 v6.7a set line spacing
)
("C:\Program Files\MiKTeX 2.9\tex\latex\graphics\graphicx.sty"
Package: graphicx 2014/10/28 v1.0g Enhanced LaTeX Graphics (DPC,SPQR)

("C:\Program Files\MiKTeX 2.9\tex\latex\graphics\keyval.sty"
Package: keyval 2014/10/28 v1.15 key=value parser (DPC)
\KV@toks@=\toks14
)
("C:\Program Files\MiKTeX 2.9\tex\latex\graphics\graphics.sty"
Package: graphics 2014/10/28 v1.0p Standard LaTeX Graphics (DPC,SPQR)

("C:\Program Files\MiKTeX 2.9\tex\latex\graphics\trig.sty"
Package: trig 1999/03/16 v1.09 sin cos tan (DPC)
)
("C:\Program Files\MiKTeX 2.9\tex\latex\00miktex\graphics.cfg"
File: graphics.cfg 2007/01/18 v1.5 graphics configuration of teTeX/TeXLive
)
Package graphics Info: Driver file: pdftex.def on input line 91.

("C:\Program Files\MiKTeX 2.9\tex\latex\pdftex-def\pdftex.def"
File: pdftex.def 2011/05/27 v0.06d Graphics/color for pdfTeX

("C:\Program Files\MiKTeX 2.9\tex\generic\oberdiek\infwarerr.sty"
Package: infwarerr 2010/04/08 v1.3 Providing info/warning/error messages (HO)
)
("C:\Program Files\MiKTeX 2.9\tex\generic\oberdiek\ltxcmds.sty"
Package: ltxcmds 2011/11/09 v1.22 LaTeX kernel commands for general use (HO)
)
\Gread@gobject=\count87
))
\Gin@req@height=\dimen103
\Gin@req@width=\dimen104
)
("C:\Program Files\MiKTeX 2.9\tex\latex\preprint\fullpage.sty"
Package: fullpage 1999/02/23 1.1 (PWD)
\FP@margin=\skip43
)
("C:\Program Files\MiKTeX 2.9\tex\latex\amsfonts\amssymb.sty"
Package: amssymb 2013/01/14 v3.01 AMS font symbols

("C:\Program Files\MiKTeX 2.9\tex\latex\amsfonts\amsfonts.sty"
Package: amsfonts 2013/01/14 v3.01 Basic AMSFonts support
\@emptytoks=\toks15
\symAMSa=\mathgroup4
\symAMSb=\mathgroup5
LaTeX Font Info:    Overwriting math alphabet `\mathfrak' in version `bold'
(Font)                  U/euf/m/n --> U/euf/b/n on input line 106.
))
("C:\Program Files\MiKTeX 2.9\tex\latex\amsmath\amsmath.sty"
Package: amsmath 2013/01/14 v2.14 AMS math features
\@mathmargin=\skip44

For additional information on amsmath, use the `?' option.
("C:\Program Files\MiKTeX 2.9\tex\latex\amsmath\amstext.sty"
Package: amstext 2000/06/29 v2.01

("C:\Program Files\MiKTeX 2.9\tex\latex\amsmath\amsgen.sty"
File: amsgen.sty 1999/11/30 v2.0
\@emptytoks=\toks16
\ex@=\dimen105
))
("C:\Program Files\MiKTeX 2.9\tex\latex\amsmath\amsbsy.sty"
Package: amsbsy 1999/11/29 v1.2d
\pmbraise@=\dimen106
)
("C:\Program Files\MiKTeX 2.9\tex\latex\amsmath\amsopn.sty"
Package: amsopn 1999/12/14 v2.01 operator names
)
\inf@bad=\count88
LaTeX Info: Redefining \frac on input line 210.
\uproot@=\count89
\leftroot@=\count90
LaTeX Info: Redefining \overline on input line 306.
\classnum@=\count91
\DOTSCASE@=\count92
LaTeX Info: Redefining \ldots on input line 378.
LaTeX Info: Redefining \dots on input line 381.
LaTeX Info: Redefining \cdots on input line 466.
\Mathstrutbox@=\box26
\strutbox@=\box27
\big@size=\dimen107
LaTeX Font Info:    Redeclaring font encoding OML on input line 566.
LaTeX Font Info:    Redeclaring font encoding OMS on input line 567.
\macc@depth=\count93
\c@MaxMatrixCols=\count94
\dotsspace@=\muskip10
\c@parentequation=\count95
\dspbrk@lvl=\count96
\tag@help=\toks17
\row@=\count97
\column@=\count98
\maxfields@=\count99
\andhelp@=\toks18
\eqnshift@=\dimen108
\alignsep@=\dimen109
\tagshift@=\dimen110
\tagwidth@=\dimen111
\totwidth@=\dimen112
\lineht@=\dimen113
\@envbody=\toks19
\multlinegap=\skip45
\multlinetaggap=\skip46
\mathdisplay@stack=\toks20
LaTeX Info: Redefining \[ on input line 2665.
LaTeX Info: Redefining \] on input line 2666.
)
("C:\Program Files\MiKTeX 2.9\tex\latex\graphics\epsfig.sty"
Package: epsfig 1999/02/16 v1.7a (e)psfig emulation (SPQR)
\epsfxsize=\dimen114
\epsfysize=\dimen115
)
("C:\Program Files\MiKTeX 2.9\tex\latex\natbib\natbib.sty"
Package: natbib 2010/09/13 8.31b (PWD, AO)
\bibhang=\skip47
\bibsep=\skip48
LaTeX Info: Redefining \cite on input line 694.
\c@NAT@ctr=\count100
)
("C:\Program Files\MiKTeX 2.9\tex\latex\tools\array.sty"
Package: array 2014/10/28 v2.4c Tabular extension package (FMi)
\col@sep=\dimen116
\extrarowheight=\dimen117
\NC@list=\toks21
\extratabsurround=\skip49
\backup@length=\skip50
)
("C:\Program Files\MiKTeX 2.9\tex\latex\multirow\multirow.sty"
\bigstrutjot=\dimen118
)
("C:\Program Files\MiKTeX 2.9\tex\latex\hyperref\hyperref.sty"
Package: hyperref 2012/11/06 v6.83m Hypertext links for LaTeX

("C:\Program Files\MiKTeX 2.9\tex\generic\oberdiek\hobsub-hyperref.sty"
Package: hobsub-hyperref 2012/04/25 v1.12 Bundle oberdiek, subset hyperref (HO)


("C:\Program Files\MiKTeX 2.9\tex\generic\oberdiek\hobsub-generic.sty"
Package: hobsub-generic 2012/04/25 v1.12 Bundle oberdiek, subset generic (HO)
Package: hobsub 2012/04/25 v1.12 Construct package bundles (HO)
Package hobsub Info: Skipping package `infwarerr' (already loaded).
Package hobsub Info: Skipping package `ltxcmds' (already loaded).
Package: ifluatex 2010/03/01 v1.3 Provides the ifluatex switch (HO)
Package ifluatex Info: LuaTeX not detected.
Package: ifvtex 2010/03/01 v1.5 Detect VTeX and its facilities (HO)
Package ifvtex Info: VTeX not detected.
Package: intcalc 2007/09/27 v1.1 Expandable calculations with integers (HO)
Package: ifpdf 2011/01/30 v2.3 Provides the ifpdf switch (HO)
Package ifpdf Info: pdfTeX in PDF mode is detected.
Package: etexcmds 2011/02/16 v1.5 Avoid name clashes with e-TeX commands (HO)
Package etexcmds Info: Could not find \expanded.
(etexcmds)             That can mean that you are not using pdfTeX 1.50 or
(etexcmds)             that some package has redefined \expanded.
(etexcmds)             In the latter case, load this package earlier.
Package: kvsetkeys 2012/04/25 v1.16 Key value parser (HO)
Package: kvdefinekeys 2011/04/07 v1.3 Define keys (HO)
Package: pdftexcmds 2011/11/29 v0.20 Utility functions of pdfTeX for LuaTeX (HO
)
Package pdftexcmds Info: LuaTeX not detected.
Package pdftexcmds Info: \pdf@primitive is available.
Package pdftexcmds Info: \pdf@ifprimitive is available.
Package pdftexcmds Info: \pdfdraftmode found.
Package: pdfescape 2011/11/25 v1.13 Implements pdfTeX's escape features (HO)
Package: bigintcalc 2012/04/08 v1.3 Expandable calculations on big integers (HO
)
Package: bitset 2011/01/30 v1.1 Handle bit-vector datatype (HO)
Package: uniquecounter 2011/01/30 v1.2 Provide unlimited unique counter (HO)
)
Package hobsub Info: Skipping package `hobsub' (already loaded).
Package: letltxmacro 2010/09/02 v1.4 Let assignment for LaTeX macros (HO)
Package: hopatch 2011/06/24 v1.1 Wrapper for package hooks (HO)
Package: xcolor-patch 2011/01/30 xcolor patch
Package: atveryend 2011/06/30 v1.8 Hooks at the very end of document (HO)
Package atveryend Info: \enddocument detected (standard20110627).
Package: atbegshi 2011/10/05 v1.16 At begin shipout hook (HO)
Package: refcount 2011/10/16 v3.4 Data extraction from label references (HO)
Package: hycolor 2011/01/30 v1.7 Color options for hyperref/bookmark (HO)
)
("C:\Program Files\MiKTeX 2.9\tex\generic\ifxetex\ifxetex.sty"
Package: ifxetex 2010/09/12 v0.6 Provides ifxetex conditional
)
("C:\Program Files\MiKTeX 2.9\tex\latex\oberdiek\auxhook.sty"
Package: auxhook 2011/03/04 v1.3 Hooks for auxiliary files (HO)
)
("C:\Program Files\MiKTeX 2.9\tex\latex\oberdiek\kvoptions.sty"
Package: kvoptions 2011/06/30 v3.11 Key value format for package options (HO)
)
\@linkdim=\dimen119
\Hy@linkcounter=\count101
\Hy@pagecounter=\count102

("C:\Program Files\MiKTeX 2.9\tex\latex\hyperref\pd1enc.def"
File: pd1enc.def 2012/11/06 v6.83m Hyperref: PDFDocEncoding definition (HO)
)
\Hy@SavedSpaceFactor=\count103

("C:\Program Files\MiKTeX 2.9\tex\latex\00miktex\hyperref.cfg"
File: hyperref.cfg 2002/06/06 v1.2 hyperref configuration of TeXLive
)
Package hyperref Info: Hyper figures OFF on input line 4443.
Package hyperref Info: Link nesting OFF on input line 4448.
Package hyperref Info: Hyper index ON on input line 4451.
Package hyperref Info: Plain pages OFF on input line 4458.
Package hyperref Info: Backreferencing OFF on input line 4463.
Package hyperref Info: Implicit mode ON; LaTeX internals redefined.
Package hyperref Info: Bookmarks ON on input line 4688.
\c@Hy@tempcnt=\count104

("C:\Program Files\MiKTeX 2.9\tex\latex\url\url.sty"
\Urlmuskip=\muskip11
Package: url 2013/09/16  ver 3.4  Verb mode for urls, etc.
)
LaTeX Info: Redefining \url on input line 5041.
\XeTeXLinkMargin=\dimen120
\Fld@menulength=\count105
\Field@Width=\dimen121
\Fld@charsize=\dimen122
Package hyperref Info: Hyper figures OFF on input line 6295.
Package hyperref Info: Link nesting OFF on input line 6300.
Package hyperref Info: Hyper index ON on input line 6303.
Package hyperref Info: backreferencing OFF on input line 6310.
Package hyperref Info: Link coloring OFF on input line 6315.
Package hyperref Info: Link coloring with OCG OFF on input line 6320.
Package hyperref Info: PDF/A mode OFF on input line 6325.
LaTeX Info: Redefining \ref on input line 6365.
LaTeX Info: Redefining \pageref on input line 6369.
\Hy@abspage=\count106
\c@Item=\count107
\c@Hfootnote=\count108
)

Package hyperref Message: Driver (autodetected): hpdftex.

("C:\Program Files\MiKTeX 2.9\tex\latex\hyperref\hpdftex.def"
File: hpdftex.def 2012/11/06 v6.83m Hyperref driver for pdfTeX
\Fld@listcount=\count109
\c@bookmark@seq@number=\count110

("C:\Program Files\MiKTeX 2.9\tex\latex\oberdiek\rerunfilecheck.sty"
Package: rerunfilecheck 2011/04/15 v1.7 Rerun checks for auxiliary files (HO)
Package uniquecounter Info: New unique counter `rerunfilecheck' on input line 2
82.
)
\Hy@SectionHShift=\skip51
)
("C:\Program Files\MiKTeX 2.9\tex\latex\tools\bm.sty"
Package: bm 2014/10/28 v1.1c Bold Symbol Support (DPC/FMi)
\symboldoperators=\mathgroup6
\symboldletters=\mathgroup7
\symboldsymbols=\mathgroup8
LaTeX Font Info:    Redeclaring math alphabet \mathbf on input line 137.
LaTeX Info: Redefining \bm on input line 203.
)
("C:\Program Files\MiKTeX 2.9\tex\latex\tools\dcolumn.sty"
Package: dcolumn 2014/10/28 v1.06 decimal alignment package (DPC)
)
("C:\Program Files\MiKTeX 2.9\tex\latex\subfigure\subfigure.sty"
Package: subfigure 2002/07/30 v2.1.4 subfigure package
\subfigtopskip=\skip52
\subfigcapskip=\skip53
\subfigcaptopadj=\dimen123
\subfigbottomskip=\skip54
\subfigcapmargin=\dimen124
\subfiglabelskip=\skip55
\c@subfigure=\count111
\c@lofdepth=\count112
\c@subtable=\count113
\c@lotdepth=\count114

****************************************
* Local config file subfigure.cfg used *
****************************************
("C:\Program Files\MiKTeX 2.9\tex\latex\subfigure\subfigure.cfg")
\subfig@top=\skip56
\subfig@bottom=\skip57
)
("C:\Program Files\MiKTeX 2.9\tex\latex\float\float.sty"
Package: float 2001/11/08 v1.3d Float enhancements (AL)
\c@float@type=\count115
\float@exts=\toks22
\float@box=\box28
\@float@everytoks=\toks23
\@floatcapt=\box29
)
("C:\Program Files\MiKTeX 2.9\tex\latex\geometry\geometry.sty"
Package: geometry 2010/09/12 v5.6 Page Geometry
\Gm@cnth=\count116
\Gm@cntv=\count117
\c@Gm@tempcnt=\count118
\Gm@bindingoffset=\dimen125
\Gm@wd@mp=\dimen126
\Gm@odd@mp=\dimen127
\Gm@even@mp=\dimen128
\Gm@layoutwidth=\dimen129
\Gm@layoutheight=\dimen130
\Gm@layouthoffset=\dimen131
\Gm@layoutvoffset=\dimen132
\Gm@dimlist=\toks24

("C:\Program Files\MiKTeX 2.9\tex\latex\geometry\geometry.cfg"))
("C:\Program Files\MiKTeX 2.9\tex\latex\tools\verbatim.sty"
Package: verbatim 2014/10/28 v1.5q LaTeX2e package for verbatim enhancements
\every@verbatim=\toks25
\verbatim@line=\toks26
\verbatim@in@stream=\read1
)
("C:\Program Files\MiKTeX 2.9\tex\latex\tools\enumerate.sty"
Package: enumerate 2014/10/28 v3.00 enumerate extensions (DPC)
\@enLab=\toks27
)
("C:\Program Files\MiKTeX 2.9\tex\latex\morefloats\morefloats.sty"
Package: morefloats 2012/01/28 v1.0f Raise limit of unprocessed floats (HMM; DH
)
Package morefloats Info: Maximum number of possible floats asked for: 36.
(morefloats)             LaTeX might run out of memory before this
(morefloats)             (in which case it will notify you).
(morefloats)              on input line 171.
\bx@S=\insert233
\bx@T=\insert232
\bx@U=\insert231
\bx@V=\insert230
\bx@W=\insert229
\bx@X=\insert228
\bx@Y=\insert227
\bx@Z=\insert226
\bx@AA=\insert225
\bx@AB=\insert224
\bx@AC=\insert223
\bx@AD=\insert222
\bx@AE=\insert221
\bx@AF=\insert220
\bx@AG=\insert219
\bx@AH=\insert218
\bx@AI=\insert217
\bx@AJ=\insert216
)
(update_22mar.aux)
LaTeX Font Info:    Checking defaults for OML/cmm/m/it on input line 15.
LaTeX Font Info:    ... okay on input line 15.
LaTeX Font Info:    Checking defaults for T1/cmr/m/n on input line 15.
LaTeX Font Info:    ... okay on input line 15.
LaTeX Font Info:    Checking defaults for OT1/cmr/m/n on input line 15.
LaTeX Font Info:    ... okay on input line 15.
LaTeX Font Info:    Checking defaults for OMS/cmsy/m/n on input line 15.
LaTeX Font Info:    ... okay on input line 15.
LaTeX Font Info:    Checking defaults for OMX/cmex/m/n on input line 15.
LaTeX Font Info:    ... okay on input line 15.
LaTeX Font Info:    Checking defaults for U/cmr/m/n on input line 15.
LaTeX Font Info:    ... okay on input line 15.
LaTeX Font Info:    Checking defaults for PD1/pdf/m/n on input line 15.
LaTeX Font Info:    ... okay on input line 15.
 ("C:\Program Files\MiKTeX 2.9\tex\context\base\supp-pdf.mkii"
[Loading MPS to PDF converter (version 2006.09.02).]
\scratchcounter=\count119
\scratchdimen=\dimen133
\scratchbox=\box30
\nofMPsegments=\count120
\nofMParguments=\count121
\everyMPshowfont=\toks28
\MPscratchCnt=\count122
\MPscratchDim=\dimen134
\MPnumerator=\count123
\makeMPintoPDFobject=\count124
\everyMPtoPDFconversion=\toks29
)
\AtBeginShipoutBox=\box31
Package hyperref Info: Link coloring OFF on input line 15.
 ("C:\Program Files\MiKTeX 2.9\tex\latex\hyperref\nameref.sty"
Package: nameref 2012/10/27 v2.43 Cross-referencing by name of section

("C:\Program Files\MiKTeX 2.9\tex\generic\oberdiek\gettitlestring.sty"
Package: gettitlestring 2010/12/03 v1.4 Cleanup title references (HO)
)
\c@section@level=\count125
)
LaTeX Info: Redefining \ref on input line 15.
LaTeX Info: Redefining \pageref on input line 15.
LaTeX Info: Redefining \nameref on input line 15.

(update_22mar.out) (update_22mar.out)
\@outlinefile=\write3

*geometry* driver: auto-detecting
*geometry* detected driver: pdftex
*geometry* verbose mode - [ preamble ] result:
* driver: pdftex
* paper: <default>
* layout: <same size as paper>
* layoutoffset:(h,v)=(0.0pt,0.0pt)
* modes: 
* h-part:(L,W,R)=(72.26999pt, 469.75502pt, 72.26999pt)
* v-part:(T,H,B)=(72.26999pt, 650.43001pt, 72.26999pt)
* \paperwidth=614.295pt
* \paperheight=794.96999pt
* \textwidth=469.75502pt
* \textheight=650.43001pt
* \oddsidemargin=0.0pt
* \evensidemargin=0.0pt
* \topmargin=0.0pt
* \headheight=0.0pt
* \headsep=0.0pt
* \topskip=12.0pt
* \footskip=30.0pt
* \marginparwidth=44.0pt
* \marginparsep=10.0pt
* \columnsep=10.0pt
* \skip\footins=10.8pt plus 4.0pt minus 2.0pt
* \hoffset=0.0pt
* \voffset=0.0pt
* \mag=1000
* \@twocolumnfalse
* \@twosidefalse
* \@mparswitchfalse
* \@reversemarginfalse
* (1in=72.27pt=25.4mm, 1cm=28.453pt)

LaTeX Font Info:    Try loading font information for OMS+cmr on input line 26.
("C:\Program Files\MiKTeX 2.9\tex\latex\base\omscmr.fd"
File: omscmr.fd 2014/09/29 v2.5h Standard LaTeX font definitions
)
LaTeX Font Info:    Font shape `OMS/cmr/m/n' in size <12> not available
(Font)              Font shape `OMS/cmsy/m/n' tried instead on input line 26.
 [1

{C:/ProgramData/MiKTeX/2.9/pdftex/config/pdftex.map}] [2]
LaTeX Font Info:    Try loading font information for U+msa on input line 61.

("C:\Program Files\MiKTeX 2.9\tex\latex\amsfonts\umsa.fd"
File: umsa.fd 2013/01/14 v3.01 AMS symbols A
)
LaTeX Font Info:    Try loading font information for U+msb on input line 61.

("C:\Program Files\MiKTeX 2.9\tex\latex\amsfonts\umsb.fd"
File: umsb.fd 2013/01/14 v3.01 AMS symbols B
) [3pdfTeX warning (ext4): destination with the same identifier (name{table.1})
 has been already used, duplicate ignored

\AtBegShi@Output ...ipout \box \AtBeginShipoutBox 
                                                  \fi \fi 
l.137 
      pdfTeX warning (ext4): destination with the same identifier (name{table.2
}) has been already used, duplicate ignored

\AtBegShi@Output ...ipout \box \AtBeginShipoutBox 
                                                  \fi \fi 
l.137 
      ] [4pdfTeX warning (ext4): destination with the same identifier (name{tab
le.3}) has been already used, duplicate ignored

\AtBegShi@Output ...ipout \box \AtBeginShipoutBox 
                                                  \fi \fi 
l.189 
      ] [5pdfTeX warning (ext4): destination with the same identifier (name{tab
le.4}) has been already used, duplicate ignored

\AtBegShi@Output ...ipout \box \AtBeginShipoutBox 
                                                  \fi \fi 
l.194 
      ] [6pdfTeX warning (ext4): destination with the same identifier (name{tab
le.5}) has been already used, duplicate ignored

\AtBegShi@Output ...ipout \box \AtBeginShipoutBox 
                                                  \fi \fi 
l.271 
      pdfTeX warning (ext4): destination with the same identifier (name{table.6
}) has been already used, duplicate ignored

\AtBegShi@Output ...ipout \box \AtBeginShipoutBox 
                                                  \fi \fi 
l.271 
      ] [7pdfTeX warning (ext4): destination with the same identifier (name{tab
le.7}) has been already used, duplicate ignored

\AtBegShi@Output ...ipout \box \AtBeginShipoutBox 
                                                  \fi \fi 
l.281 
      ] [8pdfTeX warning (ext4): destination with the same identifier (name{tab
le.8}) has been already used, duplicate ignored

\AtBegShi@Output ...ipout \box \AtBeginShipoutBox 
                                                  \fi \fi 
l.365 
      pdfTeX warning (ext4): destination with the same identifier (name{table.9
}) has been already used, duplicate ignored

\AtBegShi@Output ...ipout \box \AtBeginShipoutBox 
                                                  \fi \fi 
l.365 
      ]
<C:/Users/Ethan/Documents/GitHub/partycalls/plots/senate-figure2-gingrich-other
-reps.pdf, id=96, 289.08pt x 578.16pt>
File: C:/Users/Ethan/Documents/GitHub/partycalls/plots/senate-figure2-gingrich-
other-reps.pdf Graphic file (type pdf)

<use C:/Users/Ethan/Documents/GitHub/partycalls/plots/senate-figure2-gingrich-o
ther-reps.pdf>
Package pdftex.def Info: C:/Users/Ethan/Documents/GitHub/partycalls/plots/senat
e-figure2-gingrich-other-reps.pdf used on input line 410.
(pdftex.def)             Requested size: 256.0748pt x 512.17883pt.
 [9pdfTeX warning (ext4): destination with the same identifier (name{table.10})
 has been already used, duplicate ignored

\AtBegShi@Output ...ipout \box \AtBeginShipoutBox 
                                                  \fi \fi 
l.412 
      pdfTeX warning (ext4): destination with the same identifier (name{table.1
1}) has been already used, duplicate ignored

\AtBegShi@Output ...ipout \box \AtBeginShipoutBox 
                                                  \fi \fi 
l.412 
      ]
<C:/Users/Ethan/Documents/GitHub/partycalls/plots/senate-figure2-southern-other
-dems.pdf, id=103, 289.08pt x 578.16pt>
File: C:/Users/Ethan/Documents/GitHub/partycalls/plots/senate-figure2-southern-
other-dems.pdf Graphic file (type pdf)

<use C:/Users/Ethan/Documents/GitHub/partycalls/plots/senate-figure2-southern-o
ther-dems.pdf>
Package pdftex.def Info: C:/Users/Ethan/Documents/GitHub/partycalls/plots/senat
e-figure2-southern-other-dems.pdf used on input line 416.
(pdftex.def)             Requested size: 256.0748pt x 512.17883pt.
 [10pdfTeX warning (ext4): destination with the same identifier (name{figure.1}
) has been already used, duplicate ignored

\AtBegShi@Output ...ipout \box \AtBeginShipoutBox 
                                                  \fi \fi 
l.418 
       <C:/Users/Ethan/Documents/GitHub/partycalls/plots/senate-figure2-gingric
h-other-reps.pdf>]
<C:/Users/Ethan/Documents/GitHub/partycalls/plots/senate_dem_iv-iv_reelection_l
oess.pdf, id=116, 507.8975pt x 268.00125pt>
File: C:/Users/Ethan/Documents/GitHub/partycalls/plots/senate_dem_iv-iv_reelect
ion_loess.pdf Graphic file (type pdf)

<use C:/Users/Ethan/Documents/GitHub/partycalls/plots/senate_dem_iv-iv_reelecti
on_loess.pdf>
Package pdftex.def Info: C:/Users/Ethan/Documents/GitHub/partycalls/plots/senat
e_dem_iv-iv_reelection_loess.pdf used on input line 426.
(pdftex.def)             Requested size: 469.75502pt x 247.885pt.
 [11pdfTeX warning (ext4): destination with the same identifier (name{figure.2}
) has been already used, duplicate ignored

\AtBegShi@Output ...ipout \box \AtBeginShipoutBox 
                                                  \fi \fi 
l.428 
       <C:/Users/Ethan/Documents/GitHub/partycalls/plots/senate-figure2-souther
n-other-dems.pdf>]
<C:/Users/Ethan/Documents/GitHub/partycalls/plots/senate_dem_iv-dv_reelection_l
oess.pdf, id=129, 507.8975pt x 268.00125pt>
File: C:/Users/Ethan/Documents/GitHub/partycalls/plots/senate_dem_iv-dv_reelect
ion_loess.pdf Graphic file (type pdf)

<use C:/Users/Ethan/Documents/GitHub/partycalls/plots/senate_dem_iv-dv_reelecti
on_loess.pdf>
Package pdftex.def Info: C:/Users/Ethan/Documents/GitHub/partycalls/plots/senat
e_dem_iv-dv_reelection_loess.pdf used on input line 432.
(pdftex.def)             Requested size: 469.75502pt x 247.885pt.

<C:/Users/Ethan/Documents/GitHub/partycalls/plots/senate_dem_iv-iv_reelection_l
m.pdf, id=130, 507.8975pt x 268.00125pt>
File: C:/Users/Ethan/Documents/GitHub/partycalls/plots/senate_dem_iv-iv_reelect
ion_lm.pdf Graphic file (type pdf)

<use C:/Users/Ethan/Documents/GitHub/partycalls/plots/senate_dem_iv-iv_reelecti
on_lm.pdf>
Package pdftex.def Info: C:/Users/Ethan/Documents/GitHub/partycalls/plots/senat
e_dem_iv-iv_reelection_lm.pdf used on input line 438.
(pdftex.def)             Requested size: 469.75502pt x 247.885pt.
 [12pdfTeX warning (ext4): destination with the same identifier (name{figure.3}
) has been already used, duplicate ignored

\AtBegShi@Output ...ipout \box \AtBeginShipoutBox 
                                                  \fi \fi 
l.440 
      pdfTeX warning (ext4): destination with the same identifier (name{figure.
4}) has been already used, duplicate ignored

\AtBegShi@Output ...ipout \box \AtBeginShipoutBox 
                                                  \fi \fi 
l.440 
       <C:/Users/Ethan/Documents/GitHub/partycalls/plots/senate_dem_iv-iv_reele
ction_loess.pdf> <C:/Users/Ethan/Documents/GitHub/partycalls/plots/senate_dem_i
v-dv_reelection_loess.pdf>]
<C:/Users/Ethan/Documents/GitHub/partycalls/plots/senate_dem_iv-dv_reelection_l
m.pdf, id=155, 507.8975pt x 268.00125pt>
File: C:/Users/Ethan/Documents/GitHub/partycalls/plots/senate_dem_iv-dv_reelect
ion_lm.pdf Graphic file (type pdf)

<use C:/Users/Ethan/Documents/GitHub/partycalls/plots/senate_dem_iv-dv_reelecti
on_lm.pdf>
Package pdftex.def Info: C:/Users/Ethan/Documents/GitHub/partycalls/plots/senat
e_dem_iv-dv_reelection_lm.pdf used on input line 444.
(pdftex.def)             Requested size: 469.75502pt x 247.885pt.

<C:/Users/Ethan/Documents/GitHub/partycalls/plots/senate_rep_iv-iv_reelection_l
oess.pdf, id=156, 507.8975pt x 268.00125pt>
File: C:/Users/Ethan/Documents/GitHub/partycalls/plots/senate_rep_iv-iv_reelect
ion_loess.pdf Graphic file (type pdf)

<use C:/Users/Ethan/Documents/GitHub/partycalls/plots/senate_rep_iv-iv_reelecti
on_loess.pdf>
Package pdftex.def Info: C:/Users/Ethan/Documents/GitHub/partycalls/plots/senat
e_rep_iv-iv_reelection_loess.pdf used on input line 450.
(pdftex.def)             Requested size: 469.75502pt x 247.885pt.
 [13pdfTeX warning (ext4): destination with the same identifier (name{figure.5}
) has been already used, duplicate ignored

\AtBegShi@Output ...ipout \box \AtBeginShipoutBox 
                                                  \fi \fi 
l.452 
      pdfTeX warning (ext4): destination with the same identifier (name{figure.
6}) has been already used, duplicate ignored

\AtBegShi@Output ...ipout \box \AtBeginShipoutBox 
                                                  \fi \fi 
l.452 
       <C:/Users/Ethan/Documents/GitHub/partycalls/plots/senate_dem_iv-iv_reele
ction_lm.pdf> <C:/Users/Ethan/Documents/GitHub/partycalls/plots/senate_dem_iv-d
v_reelection_lm.pdf>]
<C:/Users/Ethan/Documents/GitHub/partycalls/plots/senate_rep_iv-dv_reelection_l
oess.pdf, id=182, 507.8975pt x 268.00125pt>
File: C:/Users/Ethan/Documents/GitHub/partycalls/plots/senate_rep_iv-dv_reelect
ion_loess.pdf Graphic file (type pdf)

<use C:/Users/Ethan/Documents/GitHub/partycalls/plots/senate_rep_iv-dv_reelecti
on_loess.pdf>
Package pdftex.def Info: C:/Users/Ethan/Documents/GitHub/partycalls/plots/senat
e_rep_iv-dv_reelection_loess.pdf used on input line 456.
(pdftex.def)             Requested size: 469.75502pt x 247.885pt.

<C:/Users/Ethan/Documents/GitHub/partycalls/plots/senate_rep_iv-iv_reelection_l
m.pdf, id=183, 507.8975pt x 268.00125pt>
File: C:/Users/Ethan/Documents/GitHub/partycalls/plots/senate_rep_iv-iv_reelect
ion_lm.pdf Graphic file (type pdf)

<use C:/Users/Ethan/Documents/GitHub/partycalls/plots/senate_rep_iv-iv_reelecti
on_lm.pdf>
Package pdftex.def Info: C:/Users/Ethan/Documents/GitHub/partycalls/plots/senat
e_rep_iv-iv_reelection_lm.pdf used on input line 462.
(pdftex.def)             Requested size: 469.75502pt x 247.885pt.
 [14pdfTeX warning (ext4): destination with the same identifier (name{figure.7}
) has been already used, duplicate ignored

\AtBegShi@Output ...ipout \box \AtBeginShipoutBox 
                                                  \fi \fi 
l.464 
      pdfTeX warning (ext4): destination with the same identifier (name{figure.
8}) has been already used, duplicate ignored

\AtBegShi@Output ...ipout \box \AtBeginShipoutBox 
                                                  \fi \fi 
l.464 
       <C:/Users/Ethan/Documents/GitHub/partycalls/plots/senate_rep_iv-iv_reele
ction_loess.pdf> <C:/Users/Ethan/Documents/GitHub/partycalls/plots/senate_rep_i
v-dv_reelection_loess.pdf>]
<C:/Users/Ethan/Documents/GitHub/partycalls/plots/senate_rep_iv-dv_reelection_l
m.pdf, id=208, 507.8975pt x 268.00125pt>
File: C:/Users/Ethan/Documents/GitHub/partycalls/plots/senate_rep_iv-dv_reelect
ion_lm.pdf Graphic file (type pdf)

<use C:/Users/Ethan/Documents/GitHub/partycalls/plots/senate_rep_iv-dv_reelecti
on_lm.pdf>
Package pdftex.def Info: C:/Users/Ethan/Documents/GitHub/partycalls/plots/senat
e_rep_iv-dv_reelection_lm.pdf used on input line 468.
(pdftex.def)             Requested size: 469.75502pt x 247.885pt.

<C:/Users/Ethan/Documents/GitHub/partycalls/plots/senate_maj_iv-iv_reelection_l
oess.pdf, id=209, 507.8975pt x 268.00125pt>
File: C:/Users/Ethan/Documents/GitHub/partycalls/plots/senate_maj_iv-iv_reelect
ion_loess.pdf Graphic file (type pdf)

<use C:/Users/Ethan/Documents/GitHub/partycalls/plots/senate_maj_iv-iv_reelecti
on_loess.pdf>
Package pdftex.def Info: C:/Users/Ethan/Documents/GitHub/partycalls/plots/senat
e_maj_iv-iv_reelection_loess.pdf used on input line 475.
(pdftex.def)             Requested size: 469.75502pt x 247.885pt.
 [15pdfTeX warning (ext4): destination with the same identifier (name{figure.9}
) has been already used, duplicate ignored

\AtBegShi@Output ...ipout \box \AtBeginShipoutBox 
                                                  \fi \fi 
l.477 
      pdfTeX warning (ext4): destination with the same identifier (name{figure.
10}) has been already used, duplicate ignored

\AtBegShi@Output ...ipout \box \AtBeginShipoutBox 
                                                  \fi \fi 
l.477 
       <C:/Users/Ethan/Documents/GitHub/partycalls/plots/senate_rep_iv-iv_reele
ction_lm.pdf> <C:/Users/Ethan/Documents/GitHub/partycalls/plots/senate_rep_iv-d
v_reelection_lm.pdf>]
<C:/Users/Ethan/Documents/GitHub/partycalls/plots/senate_maj_iv-dv_reelection_l
oess.pdf, id=234, 507.8975pt x 268.00125pt>
File: C:/Users/Ethan/Documents/GitHub/partycalls/plots/senate_maj_iv-dv_reelect
ion_loess.pdf Graphic file (type pdf)

<use C:/Users/Ethan/Documents/GitHub/partycalls/plots/senate_maj_iv-dv_reelecti
on_loess.pdf>
Package pdftex.def Info: C:/Users/Ethan/Documents/GitHub/partycalls/plots/senat
e_maj_iv-dv_reelection_loess.pdf used on input line 481.
(pdftex.def)             Requested size: 469.75502pt x 247.885pt.

<C:/Users/Ethan/Documents/GitHub/partycalls/plots/senate_maj_iv-iv_reelection_l
m.pdf, id=235, 507.8975pt x 268.00125pt>
File: C:/Users/Ethan/Documents/GitHub/partycalls/plots/senate_maj_iv-iv_reelect
ion_lm.pdf Graphic file (type pdf)

<use C:/Users/Ethan/Documents/GitHub/partycalls/plots/senate_maj_iv-iv_reelecti
on_lm.pdf>
Package pdftex.def Info: C:/Users/Ethan/Documents/GitHub/partycalls/plots/senat
e_maj_iv-iv_reelection_lm.pdf used on input line 487.
(pdftex.def)             Requested size: 469.75502pt x 247.885pt.
 [16pdfTeX warning (ext4): destination with the same identifier (name{figure.11
}) has been already used, duplicate ignored

\AtBegShi@Output ...ipout \box \AtBeginShipoutBox 
                                                  \fi \fi 
l.489 
      pdfTeX warning (ext4): destination with the same identifier (name{figure.
12}) has been already used, duplicate ignored

\AtBegShi@Output ...ipout \box \AtBeginShipoutBox 
                                                  \fi \fi 
l.489 
       <C:/Users/Ethan/Documents/GitHub/partycalls/plots/senate_maj_iv-iv_reele
ction_loess.pdf> <C:/Users/Ethan/Documents/GitHub/partycalls/plots/senate_maj_i
v-dv_reelection_loess.pdf>]
<C:/Users/Ethan/Documents/GitHub/partycalls/plots/senate_maj_iv-dv_reelection_l
m.pdf, id=260, 507.8975pt x 268.00125pt>
File: C:/Users/Ethan/Documents/GitHub/partycalls/plots/senate_maj_iv-dv_reelect
ion_lm.pdf Graphic file (type pdf)

<use C:/Users/Ethan/Documents/GitHub/partycalls/plots/senate_maj_iv-dv_reelecti
on_lm.pdf>
Package pdftex.def Info: C:/Users/Ethan/Documents/GitHub/partycalls/plots/senat
e_maj_iv-dv_reelection_lm.pdf used on input line 493.
(pdftex.def)             Requested size: 469.75502pt x 247.885pt.

<C:/Users/Ethan/Documents/GitHub/partycalls/plots/senate_min_iv-iv_reelection_l
oess.pdf, id=261, 507.8975pt x 268.00125pt>
File: C:/Users/Ethan/Documents/GitHub/partycalls/plots/senate_min_iv-iv_reelect
ion_loess.pdf Graphic file (type pdf)

<use C:/Users/Ethan/Documents/GitHub/partycalls/plots/senate_min_iv-iv_reelecti
on_loess.pdf>
Package pdftex.def Info: C:/Users/Ethan/Documents/GitHub/partycalls/plots/senat
e_min_iv-iv_reelection_loess.pdf used on input line 499.
(pdftex.def)             Requested size: 469.75502pt x 247.885pt.
 [17pdfTeX warning (ext4): destination with the same identifier (name{figure.13
}) has been already used, duplicate ignored

\AtBegShi@Output ...ipout \box \AtBeginShipoutBox 
                                                  \fi \fi 
l.501 
      pdfTeX warning (ext4): destination with the same identifier (name{figure.
14}) has been already used, duplicate ignored

\AtBegShi@Output ...ipout \box \AtBeginShipoutBox 
                                                  \fi \fi 
l.501 
       <C:/Users/Ethan/Documents/GitHub/partycalls/plots/senate_maj_iv-iv_reele
ction_lm.pdf> <C:/Users/Ethan/Documents/GitHub/partycalls/plots/senate_maj_iv-d
v_reelection_lm.pdf>]
<C:/Users/Ethan/Documents/GitHub/partycalls/plots/senate_min_iv-dv_reelection_l
oess.pdf, id=286, 507.8975pt x 268.00125pt>
File: C:/Users/Ethan/Documents/GitHub/partycalls/plots/senate_min_iv-dv_reelect
ion_loess.pdf Graphic file (type pdf)

<use C:/Users/Ethan/Documents/GitHub/partycalls/plots/senate_min_iv-dv_reelecti
on_loess.pdf>
Package pdftex.def Info: C:/Users/Ethan/Documents/GitHub/partycalls/plots/senat
e_min_iv-dv_reelection_loess.pdf used on input line 505.
(pdftex.def)             Requested size: 469.75502pt x 247.885pt.

<C:/Users/Ethan/Documents/GitHub/partycalls/plots/senate_min_iv-iv_reelection_l
m.pdf, id=287, 507.8975pt x 268.00125pt>
File: C:/Users/Ethan/Documents/GitHub/partycalls/plots/senate_min_iv-iv_reelect
ion_lm.pdf Graphic file (type pdf)

<use C:/Users/Ethan/Documents/GitHub/partycalls/plots/senate_min_iv-iv_reelecti
on_lm.pdf>
Package pdftex.def Info: C:/Users/Ethan/Documents/GitHub/partycalls/plots/senat
e_min_iv-iv_reelection_lm.pdf used on input line 511.
(pdftex.def)             Requested size: 469.75502pt x 247.885pt.
 [18pdfTeX warning (ext4): destination with the same identifier (name{figure.15
}) has been already used, duplicate ignored

\AtBegShi@Output ...ipout \box \AtBeginShipoutBox 
                                                  \fi \fi 
l.513 
      pdfTeX warning (ext4): destination with the same identifier (name{figure.
16}) has been already used, duplicate ignored

\AtBegShi@Output ...ipout \box \AtBeginShipoutBox 
                                                  \fi \fi 
l.513 
       <C:/Users/Ethan/Documents/GitHub/partycalls/plots/senate_min_iv-iv_reele
ction_loess.pdf> <C:/Users/Ethan/Documents/GitHub/partycalls/plots/senate_min_i
v-dv_reelection_loess.pdf>]
<C:/Users/Ethan/Documents/GitHub/partycalls/plots/senate_min_iv-dv_reelection_l
m.pdf, id=312, 507.8975pt x 268.00125pt>
File: C:/Users/Ethan/Documents/GitHub/partycalls/plots/senate_min_iv-dv_reelect
ion_lm.pdf Graphic file (type pdf)

<use C:/Users/Ethan/Documents/GitHub/partycalls/plots/senate_min_iv-dv_reelecti
on_lm.pdf>
Package pdftex.def Info: C:/Users/Ethan/Documents/GitHub/partycalls/plots/senat
e_min_iv-dv_reelection_lm.pdf used on input line 517.
(pdftex.def)             Requested size: 469.75502pt x 247.885pt.

<C:/Users/Ethan/Documents/GitHub/partycalls/plots/senate_maj_dem_iv-iv_reelecti
on_loess.pdf, id=313, 507.8975pt x 268.00125pt>
File: C:/Users/Ethan/Documents/GitHub/partycalls/plots/senate_maj_dem_iv-iv_ree
lection_loess.pdf Graphic file (type pdf)

<use C:/Users/Ethan/Documents/GitHub/partycalls/plots/senate_maj_dem_iv-iv_reel
ection_loess.pdf>
Package pdftex.def Info: C:/Users/Ethan/Documents/GitHub/partycalls/plots/senat
e_maj_dem_iv-iv_reelection_loess.pdf used on input line 523.
(pdftex.def)             Requested size: 469.75502pt x 247.885pt.
 [19pdfTeX warning (ext4): destination with the same identifier (name{figure.17
}) has been already used, duplicate ignored

\AtBegShi@Output ...ipout \box \AtBeginShipoutBox 
                                                  \fi \fi 
l.525 
      pdfTeX warning (ext4): destination with the same identifier (name{figure.
18}) has been already used, duplicate ignored

\AtBegShi@Output ...ipout \box \AtBeginShipoutBox 
                                                  \fi \fi 
l.525 
       <C:/Users/Ethan/Documents/GitHub/partycalls/plots/senate_min_iv-iv_reele
ction_lm.pdf> <C:/Users/Ethan/Documents/GitHub/partycalls/plots/senate_min_iv-d
v_reelection_lm.pdf>]
<C:/Users/Ethan/Documents/GitHub/partycalls/plots/senate_maj_dem_iv-dv_reelecti
on_loess.pdf, id=339, 507.8975pt x 268.00125pt>
File: C:/Users/Ethan/Documents/GitHub/partycalls/plots/senate_maj_dem_iv-dv_ree
lection_loess.pdf Graphic file (type pdf)

<use C:/Users/Ethan/Documents/GitHub/partycalls/plots/senate_maj_dem_iv-dv_reel
ection_loess.pdf>
Package pdftex.def Info: C:/Users/Ethan/Documents/GitHub/partycalls/plots/senat
e_maj_dem_iv-dv_reelection_loess.pdf used on input line 529.
(pdftex.def)             Requested size: 469.75502pt x 247.885pt.

<C:/Users/Ethan/Documents/GitHub/partycalls/plots/senate_maj_dem_iv-iv_reelecti
on_lm.pdf, id=340, 507.8975pt x 268.00125pt>
File: C:/Users/Ethan/Documents/GitHub/partycalls/plots/senate_maj_dem_iv-iv_ree
lection_lm.pdf Graphic file (type pdf)

<use C:/Users/Ethan/Documents/GitHub/partycalls/plots/senate_maj_dem_iv-iv_reel
ection_lm.pdf>
Package pdftex.def Info: C:/Users/Ethan/Documents/GitHub/partycalls/plots/senat
e_maj_dem_iv-iv_reelection_lm.pdf used on input line 535.
(pdftex.def)             Requested size: 469.75502pt x 247.885pt.
 [20pdfTeX warning (ext4): destination with the same identifier (name{figure.19
}) has been already used, duplicate ignored

\AtBegShi@Output ...ipout \box \AtBeginShipoutBox 
                                                  \fi \fi 
l.537 
      pdfTeX warning (ext4): destination with the same identifier (name{figure.
20}) has been already used, duplicate ignored

\AtBegShi@Output ...ipout \box \AtBeginShipoutBox 
                                                  \fi \fi 
l.537 
       <C:/Users/Ethan/Documents/GitHub/partycalls/plots/senate_maj_dem_iv-iv_r
eelection_loess.pdf> <C:/Users/Ethan/Documents/GitHub/partycalls/plots/senate_m
aj_dem_iv-dv_reelection_loess.pdf>]
<C:/Users/Ethan/Documents/GitHub/partycalls/plots/senate_maj_dem_iv-dv_reelecti
on_lm.pdf, id=365, 507.8975pt x 268.00125pt>
File: C:/Users/Ethan/Documents/GitHub/partycalls/plots/senate_maj_dem_iv-dv_ree
lection_lm.pdf Graphic file (type pdf)

<use C:/Users/Ethan/Documents/GitHub/partycalls/plots/senate_maj_dem_iv-dv_reel
ection_lm.pdf>
Package pdftex.def Info: C:/Users/Ethan/Documents/GitHub/partycalls/plots/senat
e_maj_dem_iv-dv_reelection_lm.pdf used on input line 541.
(pdftex.def)             Requested size: 469.75502pt x 247.885pt.

<C:/Users/Ethan/Documents/GitHub/partycalls/plots/senate_min_dem_iv-iv_reelecti
on_loess.pdf, id=366, 507.8975pt x 268.00125pt>
File: C:/Users/Ethan/Documents/GitHub/partycalls/plots/senate_min_dem_iv-iv_ree
lection_loess.pdf Graphic file (type pdf)

<use C:/Users/Ethan/Documents/GitHub/partycalls/plots/senate_min_dem_iv-iv_reel
ection_loess.pdf>
Package pdftex.def Info: C:/Users/Ethan/Documents/GitHub/partycalls/plots/senat
e_min_dem_iv-iv_reelection_loess.pdf used on input line 547.
(pdftex.def)             Requested size: 469.75502pt x 247.885pt.
 [21pdfTeX warning (ext4): destination with the same identifier (name{figure.21
}) has been already used, duplicate ignored

\AtBegShi@Output ...ipout \box \AtBeginShipoutBox 
                                                  \fi \fi 
l.549 
      pdfTeX warning (ext4): destination with the same identifier (name{figure.
22}) has been already used, duplicate ignored

\AtBegShi@Output ...ipout \box \AtBeginShipoutBox 
                                                  \fi \fi 
l.549 
       <C:/Users/Ethan/Documents/GitHub/partycalls/plots/senate_maj_dem_iv-iv_r
eelection_lm.pdf> <C:/Users/Ethan/Documents/GitHub/partycalls/plots/senate_maj_
dem_iv-dv_reelection_lm.pdf>]
<C:/Users/Ethan/Documents/GitHub/partycalls/plots/senate_min_dem_iv-dv_reelecti
on_loess.pdf, id=391, 507.8975pt x 268.00125pt>
File: C:/Users/Ethan/Documents/GitHub/partycalls/plots/senate_min_dem_iv-dv_ree
lection_loess.pdf Graphic file (type pdf)

<use C:/Users/Ethan/Documents/GitHub/partycalls/plots/senate_min_dem_iv-dv_reel
ection_loess.pdf>
Package pdftex.def Info: C:/Users/Ethan/Documents/GitHub/partycalls/plots/senat
e_min_dem_iv-dv_reelection_loess.pdf used on input line 553.
(pdftex.def)             Requested size: 469.75502pt x 247.885pt.

<C:/Users/Ethan/Documents/GitHub/partycalls/plots/senate_min_dem_iv-iv_reelecti
on_lm.pdf, id=392, 507.8975pt x 268.00125pt>
File: C:/Users/Ethan/Documents/GitHub/partycalls/plots/senate_min_dem_iv-iv_ree
lection_lm.pdf Graphic file (type pdf)

<use C:/Users/Ethan/Documents/GitHub/partycalls/plots/senate_min_dem_iv-iv_reel
ection_lm.pdf>
Package pdftex.def Info: C:/Users/Ethan/Documents/GitHub/partycalls/plots/senat
e_min_dem_iv-iv_reelection_lm.pdf used on input line 559.
(pdftex.def)             Requested size: 469.75502pt x 247.885pt.
 [22pdfTeX warning (ext4): destination with the same identifier (name{figure.23
}) has been already used, duplicate ignored

\AtBegShi@Output ...ipout \box \AtBeginShipoutBox 
                                                  \fi \fi 
l.561 
      pdfTeX warning (ext4): destination with the same identifier (name{figure.
24}) has been already used, duplicate ignored

\AtBegShi@Output ...ipout \box \AtBeginShipoutBox 
                                                  \fi \fi 
l.561 
       <C:/Users/Ethan/Documents/GitHub/partycalls/plots/senate_min_dem_iv-iv_r
eelection_loess.pdf> <C:/Users/Ethan/Documents/GitHub/partycalls/plots/senate_m
in_dem_iv-dv_reelection_loess.pdf>]
<C:/Users/Ethan/Documents/GitHub/partycalls/plots/senate_min_dem_iv-dv_reelecti
on_lm.pdf, id=417, 507.8975pt x 268.00125pt>
File: C:/Users/Ethan/Documents/GitHub/partycalls/plots/senate_min_dem_iv-dv_ree
lection_lm.pdf Graphic file (type pdf)

<use C:/Users/Ethan/Documents/GitHub/partycalls/plots/senate_min_dem_iv-dv_reel
ection_lm.pdf>
Package pdftex.def Info: C:/Users/Ethan/Documents/GitHub/partycalls/plots/senat
e_min_dem_iv-dv_reelection_lm.pdf used on input line 565.
(pdftex.def)             Requested size: 469.75502pt x 247.885pt.

<C:/Users/Ethan/Documents/GitHub/partycalls/plots/senate_maj_rep_iv-iv_reelecti
on_loess.pdf, id=418, 507.8975pt x 268.00125pt>
File: C:/Users/Ethan/Documents/GitHub/partycalls/plots/senate_maj_rep_iv-iv_ree
lection_loess.pdf Graphic file (type pdf)

<use C:/Users/Ethan/Documents/GitHub/partycalls/plots/senate_maj_rep_iv-iv_reel
ection_loess.pdf>
Package pdftex.def Info: C:/Users/Ethan/Documents/GitHub/partycalls/plots/senat
e_maj_rep_iv-iv_reelection_loess.pdf used on input line 571.
(pdftex.def)             Requested size: 469.75502pt x 247.885pt.
 [23pdfTeX warning (ext4): destination with the same identifier (name{figure.25
}) has been already used, duplicate ignored

\AtBegShi@Output ...ipout \box \AtBeginShipoutBox 
                                                  \fi \fi 
l.573 
      pdfTeX warning (ext4): destination with the same identifier (name{figure.
26}) has been already used, duplicate ignored

\AtBegShi@Output ...ipout \box \AtBeginShipoutBox 
                                                  \fi \fi 
l.573 
       <C:/Users/Ethan/Documents/GitHub/partycalls/plots/senate_min_dem_iv-iv_r
eelection_lm.pdf> <C:/Users/Ethan/Documents/GitHub/partycalls/plots/senate_min_
dem_iv-dv_reelection_lm.pdf>]
<C:/Users/Ethan/Documents/GitHub/partycalls/plots/senate_maj_rep_iv-dv_reelecti
on_loess.pdf, id=443, 507.8975pt x 268.00125pt>
File: C:/Users/Ethan/Documents/GitHub/partycalls/plots/senate_maj_rep_iv-dv_ree
lection_loess.pdf Graphic file (type pdf)

<use C:/Users/Ethan/Documents/GitHub/partycalls/plots/senate_maj_rep_iv-dv_reel
ection_loess.pdf>
Package pdftex.def Info: C:/Users/Ethan/Documents/GitHub/partycalls/plots/senat
e_maj_rep_iv-dv_reelection_loess.pdf used on input line 577.
(pdftex.def)             Requested size: 469.75502pt x 247.885pt.

<C:/Users/Ethan/Documents/GitHub/partycalls/plots/senate_maj_rep_iv-iv_reelecti
on_lm.pdf, id=444, 507.8975pt x 268.00125pt>
File: C:/Users/Ethan/Documents/GitHub/partycalls/plots/senate_maj_rep_iv-iv_ree
lection_lm.pdf Graphic file (type pdf)

<use C:/Users/Ethan/Documents/GitHub/partycalls/plots/senate_maj_rep_iv-iv_reel
ection_lm.pdf>
Package pdftex.def Info: C:/Users/Ethan/Documents/GitHub/partycalls/plots/senat
e_maj_rep_iv-iv_reelection_lm.pdf used on input line 583.
(pdftex.def)             Requested size: 469.75502pt x 247.885pt.
 [24pdfTeX warning (ext4): destination with the same identifier (name{figure.27
}) has been already used, duplicate ignored

\AtBegShi@Output ...ipout \box \AtBeginShipoutBox 
                                                  \fi \fi 
l.585 
      pdfTeX warning (ext4): destination with the same identifier (name{figure.
28}) has been already used, duplicate ignored

\AtBegShi@Output ...ipout \box \AtBeginShipoutBox 
                                                  \fi \fi 
l.585 
       <C:/Users/Ethan/Documents/GitHub/partycalls/plots/senate_maj_rep_iv-iv_r
eelection_loess.pdf> <C:/Users/Ethan/Documents/GitHub/partycalls/plots/senate_m
aj_rep_iv-dv_reelection_loess.pdf>]
<C:/Users/Ethan/Documents/GitHub/partycalls/plots/senate_maj_rep_iv-dv_reelecti
on_lm.pdf, id=469, 507.8975pt x 268.00125pt>
File: C:/Users/Ethan/Documents/GitHub/partycalls/plots/senate_maj_rep_iv-dv_ree
lection_lm.pdf Graphic file (type pdf)

<use C:/Users/Ethan/Documents/GitHub/partycalls/plots/senate_maj_rep_iv-dv_reel
ection_lm.pdf>
Package pdftex.def Info: C:/Users/Ethan/Documents/GitHub/partycalls/plots/senat
e_maj_rep_iv-dv_reelection_lm.pdf used on input line 589.
(pdftex.def)             Requested size: 469.75502pt x 247.885pt.

<C:/Users/Ethan/Documents/GitHub/partycalls/plots/senate_min_rep_iv-iv_reelecti
on_loess.pdf, id=470, 507.8975pt x 268.00125pt>
File: C:/Users/Ethan/Documents/GitHub/partycalls/plots/senate_min_rep_iv-iv_ree
lection_loess.pdf Graphic file (type pdf)

<use C:/Users/Ethan/Documents/GitHub/partycalls/plots/senate_min_rep_iv-iv_reel
ection_loess.pdf>
Package pdftex.def Info: C:/Users/Ethan/Documents/GitHub/partycalls/plots/senat
e_min_rep_iv-iv_reelection_loess.pdf used on input line 595.
(pdftex.def)             Requested size: 469.75502pt x 247.885pt.
 [25pdfTeX warning (ext4): destination with the same identifier (name{figure.29
}) has been already used, duplicate ignored

\AtBegShi@Output ...ipout \box \AtBeginShipoutBox 
                                                  \fi \fi 
l.597 
      pdfTeX warning (ext4): destination with the same identifier (name{figure.
30}) has been already used, duplicate ignored

\AtBegShi@Output ...ipout \box \AtBeginShipoutBox 
                                                  \fi \fi 
l.597 
       <C:/Users/Ethan/Documents/GitHub/partycalls/plots/senate_maj_rep_iv-iv_r
eelection_lm.pdf> <C:/Users/Ethan/Documents/GitHub/partycalls/plots/senate_maj_
rep_iv-dv_reelection_lm.pdf>]
<C:/Users/Ethan/Documents/GitHub/partycalls/plots/senate_min_rep_iv-dv_reelecti
on_loess.pdf, id=496, 507.8975pt x 268.00125pt>
File: C:/Users/Ethan/Documents/GitHub/partycalls/plots/senate_min_rep_iv-dv_ree
lection_loess.pdf Graphic file (type pdf)

<use C:/Users/Ethan/Documents/GitHub/partycalls/plots/senate_min_rep_iv-dv_reel
ection_loess.pdf>
Package pdftex.def Info: C:/Users/Ethan/Documents/GitHub/partycalls/plots/senat
e_min_rep_iv-dv_reelection_loess.pdf used on input line 601.
(pdftex.def)             Requested size: 469.75502pt x 247.885pt.

<C:/Users/Ethan/Documents/GitHub/partycalls/plots/senate_min_rep_iv-iv_reelecti
on_lm.pdf, id=497, 507.8975pt x 268.00125pt>
File: C:/Users/Ethan/Documents/GitHub/partycalls/plots/senate_min_rep_iv-iv_ree
lection_lm.pdf Graphic file (type pdf)

<use C:/Users/Ethan/Documents/GitHub/partycalls/plots/senate_min_rep_iv-iv_reel
ection_lm.pdf>
Package pdftex.def Info: C:/Users/Ethan/Documents/GitHub/partycalls/plots/senat
e_min_rep_iv-iv_reelection_lm.pdf used on input line 607.
(pdftex.def)             Requested size: 469.75502pt x 247.885pt.
 [26pdfTeX warning (ext4): destination with the same identifier (name{figure.31
}) has been already used, duplicate ignored

\AtBegShi@Output ...ipout \box \AtBeginShipoutBox 
                                                  \fi \fi 
l.609 
      pdfTeX warning (ext4): destination with the same identifier (name{figure.
32}) has been already used, duplicate ignored

\AtBegShi@Output ...ipout \box \AtBeginShipoutBox 
                                                  \fi \fi 
l.609 
       <C:/Users/Ethan/Documents/GitHub/partycalls/plots/senate_min_rep_iv-iv_r
eelection_loess.pdf> <C:/Users/Ethan/Documents/GitHub/partycalls/plots/senate_m
in_rep_iv-dv_reelection_loess.pdf>]
<C:/Users/Ethan/Documents/GitHub/partycalls/plots/senate_min_rep_iv-dv_reelecti
on_lm.pdf, id=522, 507.8975pt x 268.00125pt>
File: C:/Users/Ethan/Documents/GitHub/partycalls/plots/senate_min_rep_iv-dv_ree
lection_lm.pdf Graphic file (type pdf)

<use C:/Users/Ethan/Documents/GitHub/partycalls/plots/senate_min_rep_iv-dv_reel
ection_lm.pdf>
Package pdftex.def Info: C:/Users/Ethan/Documents/GitHub/partycalls/plots/senat
e_min_rep_iv-dv_reelection_lm.pdf used on input line 613.
(pdftex.def)             Requested size: 469.75502pt x 247.885pt.
Package atveryend Info: Empty hook `BeforeClearDocument' on input line 680.
 [27pdfTeX warning (ext4): destination with the same identifier (name{figure.33
}) has been already used, duplicate ignored

\AtBegShi@Output ...ipout \box \AtBeginShipoutBox 
                                                  \fi \fi 
l.680 \end{document}
                    pdfTeX warning (ext4): destination with the same identifier
 (name{figure.34}) has been already used, duplicate ignored

\AtBegShi@Output ...ipout \box \AtBeginShipoutBox 
                                                  \fi \fi 
l.680 \end{document}
                     <C:/Users/Ethan/Documents/GitHub/partycalls/plots/senate_m
in_rep_iv-iv_reelection_lm.pdf> <C:/Users/Ethan/Documents/GitHub/partycalls/plo
ts/senate_min_rep_iv-dv_reelection_lm.pdf>]
Package atveryend Info: Empty hook `AfterLastShipout' on input line 680.
 (update_22mar.aux)
Package atveryend Info: Executing hook `AtVeryEndDocument' on input line 680.
Package atveryend Info: Executing hook `AtEndAfterFileList' on input line 680.
Package rerunfilecheck Info: File `update_22mar.out' has not changed.
(rerunfilecheck)             Checksum: F9FA8701339D7E5E081835618DB3303E;728.
Package atveryend Info: Empty hook `AtVeryVeryEnd' on input line 680.
 ) 
Here is how much of TeX's memory you used:
 7388 strings out of 493698
 115157 string characters out of 3144412
 208486 words of memory out of 3000000
 10490 multiletter control sequences out of 15000+200000
 13995 words of font info for 52 fonts, out of 3000000 for 9000
 1025 hyphenation exceptions out of 8191
 29i,10n,32p,1632b,326s stack positions out of 5000i,500n,10000p,200000b,50000s
<C:/Program Files/MiKTeX 2.9/fonts/type1/public/amsfonts/cm/cmbx12.pfb><C:/Pr
ogram Files/MiKTeX 2.9/fonts/type1/public/amsfonts/cm/cmmi12.pfb><C:/Program Fi
les/MiKTeX 2.9/fonts/type1/public/amsfonts/cm/cmmi8.pfb><C:/Program Files/MiKTe
X 2.9/fonts/type1/public/amsfonts/cm/cmr12.pfb><C:/Program Files/MiKTeX 2.9/fon
ts/type1/public/amsfonts/cm/cmr17.pfb><C:/Program Files/MiKTeX 2.9/fonts/type1/
public/amsfonts/cm/cmr8.pfb><C:/Program Files/MiKTeX 2.9/fonts/type1/public/ams
fonts/cm/cmsy10.pfb><C:/Program Files/MiKTeX 2.9/fonts/type1/public/amsfonts/cm
/cmsy6.pfb><C:/Program Files/MiKTeX 2.9/fonts/type1/public/amsfonts/cm/cmsy8.pf
b><C:/Program Files/MiKTeX 2.9/fonts/type1/public/amsfonts/cm/cmtt12.pfb>
Output written on update_22mar.pdf (27 pages, 1814990 bytes).
PDF statistics:
 599 PDF objects out of 1000 (max. 8388607)
 83 named destinations out of 1000 (max. 500000)
 251 words of extra memory for PDF output out of 10000 (max. 10000000)

