This is pdfTeX, Version 3.14159265-2.6-1.40.15 (MiKTeX 2.9 64-bit) (preloaded format=pdflatex 2016.3.29)  14 MAR 2017 11:13
entering extended mode
**update_15mar.tex
(update_15mar.tex
LaTeX2e <2014/05/01>
Babel <3.9l> and hyphenation patterns for 68 languages loaded.
("C:\Program Files\MiKTeX 2.9\tex\latex\base\article.cls"
Document Class: article 2014/09/29 v1.4h Standard LaTeX document class
("C:\Program Files\MiKTeX 2.9\tex\latex\base\size12.clo"
File: size12.clo 2014/09/29 v1.4h Standard LaTeX file (size option)
)
\c@part=\count79
\c@section=\count80
\c@subsection=\count81
\c@subsubsection=\count82
\c@paragraph=\count83
\c@subparagraph=\count84
\c@figure=\count85
\c@table=\count86
\abovecaptionskip=\skip41
\belowcaptionskip=\skip42
\bibindent=\dimen102
)
("C:\Program Files\MiKTeX 2.9\tex\latex\setspace\setspace.sty"
Package: setspace 2011/12/19 v6.7a set line spacing
)
("C:\Program Files\MiKTeX 2.9\tex\latex\graphics\graphicx.sty"
Package: graphicx 2014/10/28 v1.0g Enhanced LaTeX Graphics (DPC,SPQR)

("C:\Program Files\MiKTeX 2.9\tex\latex\graphics\keyval.sty"
Package: keyval 2014/10/28 v1.15 key=value parser (DPC)
\KV@toks@=\toks14
)
("C:\Program Files\MiKTeX 2.9\tex\latex\graphics\graphics.sty"
Package: graphics 2014/10/28 v1.0p Standard LaTeX Graphics (DPC,SPQR)

("C:\Program Files\MiKTeX 2.9\tex\latex\graphics\trig.sty"
Package: trig 1999/03/16 v1.09 sin cos tan (DPC)
)
("C:\Program Files\MiKTeX 2.9\tex\latex\00miktex\graphics.cfg"
File: graphics.cfg 2007/01/18 v1.5 graphics configuration of teTeX/TeXLive
)
Package graphics Info: Driver file: pdftex.def on input line 91.

("C:\Program Files\MiKTeX 2.9\tex\latex\pdftex-def\pdftex.def"
File: pdftex.def 2011/05/27 v0.06d Graphics/color for pdfTeX

("C:\Program Files\MiKTeX 2.9\tex\generic\oberdiek\infwarerr.sty"
Package: infwarerr 2010/04/08 v1.3 Providing info/warning/error messages (HO)
)
("C:\Program Files\MiKTeX 2.9\tex\generic\oberdiek\ltxcmds.sty"
Package: ltxcmds 2011/11/09 v1.22 LaTeX kernel commands for general use (HO)
)
\Gread@gobject=\count87
))
\Gin@req@height=\dimen103
\Gin@req@width=\dimen104
)
("C:\Program Files\MiKTeX 2.9\tex\latex\preprint\fullpage.sty"
Package: fullpage 1999/02/23 1.1 (PWD)
\FP@margin=\skip43
)
("C:\Program Files\MiKTeX 2.9\tex\latex\amsfonts\amssymb.sty"
Package: amssymb 2013/01/14 v3.01 AMS font symbols

("C:\Program Files\MiKTeX 2.9\tex\latex\amsfonts\amsfonts.sty"
Package: amsfonts 2013/01/14 v3.01 Basic AMSFonts support
\@emptytoks=\toks15
\symAMSa=\mathgroup4
\symAMSb=\mathgroup5
LaTeX Font Info:    Overwriting math alphabet `\mathfrak' in version `bold'
(Font)                  U/euf/m/n --> U/euf/b/n on input line 106.
))
("C:\Program Files\MiKTeX 2.9\tex\latex\amsmath\amsmath.sty"
Package: amsmath 2013/01/14 v2.14 AMS math features
\@mathmargin=\skip44

For additional information on amsmath, use the `?' option.
("C:\Program Files\MiKTeX 2.9\tex\latex\amsmath\amstext.sty"
Package: amstext 2000/06/29 v2.01

("C:\Program Files\MiKTeX 2.9\tex\latex\amsmath\amsgen.sty"
File: amsgen.sty 1999/11/30 v2.0
\@emptytoks=\toks16
\ex@=\dimen105
))
("C:\Program Files\MiKTeX 2.9\tex\latex\amsmath\amsbsy.sty"
Package: amsbsy 1999/11/29 v1.2d
\pmbraise@=\dimen106
)
("C:\Program Files\MiKTeX 2.9\tex\latex\amsmath\amsopn.sty"
Package: amsopn 1999/12/14 v2.01 operator names
)
\inf@bad=\count88
LaTeX Info: Redefining \frac on input line 210.
\uproot@=\count89
\leftroot@=\count90
LaTeX Info: Redefining \overline on input line 306.
\classnum@=\count91
\DOTSCASE@=\count92
LaTeX Info: Redefining \ldots on input line 378.
LaTeX Info: Redefining \dots on input line 381.
LaTeX Info: Redefining \cdots on input line 466.
\Mathstrutbox@=\box26
\strutbox@=\box27
\big@size=\dimen107
LaTeX Font Info:    Redeclaring font encoding OML on input line 566.
LaTeX Font Info:    Redeclaring font encoding OMS on input line 567.
\macc@depth=\count93
\c@MaxMatrixCols=\count94
\dotsspace@=\muskip10
\c@parentequation=\count95
\dspbrk@lvl=\count96
\tag@help=\toks17
\row@=\count97
\column@=\count98
\maxfields@=\count99
\andhelp@=\toks18
\eqnshift@=\dimen108
\alignsep@=\dimen109
\tagshift@=\dimen110
\tagwidth@=\dimen111
\totwidth@=\dimen112
\lineht@=\dimen113
\@envbody=\toks19
\multlinegap=\skip45
\multlinetaggap=\skip46
\mathdisplay@stack=\toks20
LaTeX Info: Redefining \[ on input line 2665.
LaTeX Info: Redefining \] on input line 2666.
)
("C:\Program Files\MiKTeX 2.9\tex\latex\graphics\epsfig.sty"
Package: epsfig 1999/02/16 v1.7a (e)psfig emulation (SPQR)
\epsfxsize=\dimen114
\epsfysize=\dimen115
)
("C:\Program Files\MiKTeX 2.9\tex\latex\natbib\natbib.sty"
Package: natbib 2010/09/13 8.31b (PWD, AO)
\bibhang=\skip47
\bibsep=\skip48
LaTeX Info: Redefining \cite on input line 694.
\c@NAT@ctr=\count100
)
("C:\Program Files\MiKTeX 2.9\tex\latex\tools\array.sty"
Package: array 2014/10/28 v2.4c Tabular extension package (FMi)
\col@sep=\dimen116
\extrarowheight=\dimen117
\NC@list=\toks21
\extratabsurround=\skip49
\backup@length=\skip50
)
("C:\Program Files\MiKTeX 2.9\tex\latex\multirow\multirow.sty"
\bigstrutjot=\dimen118
)
("C:\Program Files\MiKTeX 2.9\tex\latex\hyperref\hyperref.sty"
Package: hyperref 2012/11/06 v6.83m Hypertext links for LaTeX

("C:\Program Files\MiKTeX 2.9\tex\generic\oberdiek\hobsub-hyperref.sty"
Package: hobsub-hyperref 2012/04/25 v1.12 Bundle oberdiek, subset hyperref (HO)


("C:\Program Files\MiKTeX 2.9\tex\generic\oberdiek\hobsub-generic.sty"
Package: hobsub-generic 2012/04/25 v1.12 Bundle oberdiek, subset generic (HO)
Package: hobsub 2012/04/25 v1.12 Construct package bundles (HO)
Package hobsub Info: Skipping package `infwarerr' (already loaded).
Package hobsub Info: Skipping package `ltxcmds' (already loaded).
Package: ifluatex 2010/03/01 v1.3 Provides the ifluatex switch (HO)
Package ifluatex Info: LuaTeX not detected.
Package: ifvtex 2010/03/01 v1.5 Detect VTeX and its facilities (HO)
Package ifvtex Info: VTeX not detected.
Package: intcalc 2007/09/27 v1.1 Expandable calculations with integers (HO)
Package: ifpdf 2011/01/30 v2.3 Provides the ifpdf switch (HO)
Package ifpdf Info: pdfTeX in PDF mode is detected.
Package: etexcmds 2011/02/16 v1.5 Avoid name clashes with e-TeX commands (HO)
Package etexcmds Info: Could not find \expanded.
(etexcmds)             That can mean that you are not using pdfTeX 1.50 or
(etexcmds)             that some package has redefined \expanded.
(etexcmds)             In the latter case, load this package earlier.
Package: kvsetkeys 2012/04/25 v1.16 Key value parser (HO)
Package: kvdefinekeys 2011/04/07 v1.3 Define keys (HO)
Package: pdftexcmds 2011/11/29 v0.20 Utility functions of pdfTeX for LuaTeX (HO
)
Package pdftexcmds Info: LuaTeX not detected.
Package pdftexcmds Info: \pdf@primitive is available.
Package pdftexcmds Info: \pdf@ifprimitive is available.
Package pdftexcmds Info: \pdfdraftmode found.
Package: pdfescape 2011/11/25 v1.13 Implements pdfTeX's escape features (HO)
Package: bigintcalc 2012/04/08 v1.3 Expandable calculations on big integers (HO
)
Package: bitset 2011/01/30 v1.1 Handle bit-vector datatype (HO)
Package: uniquecounter 2011/01/30 v1.2 Provide unlimited unique counter (HO)
)
Package hobsub Info: Skipping package `hobsub' (already loaded).
Package: letltxmacro 2010/09/02 v1.4 Let assignment for LaTeX macros (HO)
Package: hopatch 2011/06/24 v1.1 Wrapper for package hooks (HO)
Package: xcolor-patch 2011/01/30 xcolor patch
Package: atveryend 2011/06/30 v1.8 Hooks at the very end of document (HO)
Package atveryend Info: \enddocument detected (standard20110627).
Package: atbegshi 2011/10/05 v1.16 At begin shipout hook (HO)
Package: refcount 2011/10/16 v3.4 Data extraction from label references (HO)
Package: hycolor 2011/01/30 v1.7 Color options for hyperref/bookmark (HO)
)
("C:\Program Files\MiKTeX 2.9\tex\generic\ifxetex\ifxetex.sty"
Package: ifxetex 2010/09/12 v0.6 Provides ifxetex conditional
)
("C:\Program Files\MiKTeX 2.9\tex\latex\oberdiek\auxhook.sty"
Package: auxhook 2011/03/04 v1.3 Hooks for auxiliary files (HO)
)
("C:\Program Files\MiKTeX 2.9\tex\latex\oberdiek\kvoptions.sty"
Package: kvoptions 2011/06/30 v3.11 Key value format for package options (HO)
)
\@linkdim=\dimen119
\Hy@linkcounter=\count101
\Hy@pagecounter=\count102

("C:\Program Files\MiKTeX 2.9\tex\latex\hyperref\pd1enc.def"
File: pd1enc.def 2012/11/06 v6.83m Hyperref: PDFDocEncoding definition (HO)
)
\Hy@SavedSpaceFactor=\count103

("C:\Program Files\MiKTeX 2.9\tex\latex\00miktex\hyperref.cfg"
File: hyperref.cfg 2002/06/06 v1.2 hyperref configuration of TeXLive
)
Package hyperref Info: Hyper figures OFF on input line 4443.
Package hyperref Info: Link nesting OFF on input line 4448.
Package hyperref Info: Hyper index ON on input line 4451.
Package hyperref Info: Plain pages OFF on input line 4458.
Package hyperref Info: Backreferencing OFF on input line 4463.
Package hyperref Info: Implicit mode ON; LaTeX internals redefined.
Package hyperref Info: Bookmarks ON on input line 4688.
\c@Hy@tempcnt=\count104

("C:\Program Files\MiKTeX 2.9\tex\latex\url\url.sty"
\Urlmuskip=\muskip11
Package: url 2013/09/16  ver 3.4  Verb mode for urls, etc.
)
LaTeX Info: Redefining \url on input line 5041.
\XeTeXLinkMargin=\dimen120
\Fld@menulength=\count105
\Field@Width=\dimen121
\Fld@charsize=\dimen122
Package hyperref Info: Hyper figures OFF on input line 6295.
Package hyperref Info: Link nesting OFF on input line 6300.
Package hyperref Info: Hyper index ON on input line 6303.
Package hyperref Info: backreferencing OFF on input line 6310.
Package hyperref Info: Link coloring OFF on input line 6315.
Package hyperref Info: Link coloring with OCG OFF on input line 6320.
Package hyperref Info: PDF/A mode OFF on input line 6325.
LaTeX Info: Redefining \ref on input line 6365.
LaTeX Info: Redefining \pageref on input line 6369.
\Hy@abspage=\count106
\c@Item=\count107
\c@Hfootnote=\count108
)

Package hyperref Message: Driver (autodetected): hpdftex.

("C:\Program Files\MiKTeX 2.9\tex\latex\hyperref\hpdftex.def"
File: hpdftex.def 2012/11/06 v6.83m Hyperref driver for pdfTeX
\Fld@listcount=\count109
\c@bookmark@seq@number=\count110

("C:\Program Files\MiKTeX 2.9\tex\latex\oberdiek\rerunfilecheck.sty"
Package: rerunfilecheck 2011/04/15 v1.7 Rerun checks for auxiliary files (HO)
Package uniquecounter Info: New unique counter `rerunfilecheck' on input line 2
82.
)
\Hy@SectionHShift=\skip51
)
("C:\Program Files\MiKTeX 2.9\tex\latex\tools\bm.sty"
Package: bm 2014/10/28 v1.1c Bold Symbol Support (DPC/FMi)
\symboldoperators=\mathgroup6
\symboldletters=\mathgroup7
\symboldsymbols=\mathgroup8
LaTeX Font Info:    Redeclaring math alphabet \mathbf on input line 137.
LaTeX Info: Redefining \bm on input line 203.
)
("C:\Program Files\MiKTeX 2.9\tex\latex\tools\dcolumn.sty"
Package: dcolumn 2014/10/28 v1.06 decimal alignment package (DPC)
)
("C:\Program Files\MiKTeX 2.9\tex\latex\subfigure\subfigure.sty"
Package: subfigure 2002/07/30 v2.1.4 subfigure package
\subfigtopskip=\skip52
\subfigcapskip=\skip53
\subfigcaptopadj=\dimen123
\subfigbottomskip=\skip54
\subfigcapmargin=\dimen124
\subfiglabelskip=\skip55
\c@subfigure=\count111
\c@lofdepth=\count112
\c@subtable=\count113
\c@lotdepth=\count114

****************************************
* Local config file subfigure.cfg used *
****************************************
("C:\Program Files\MiKTeX 2.9\tex\latex\subfigure\subfigure.cfg")
\subfig@top=\skip56
\subfig@bottom=\skip57
)
("C:\Program Files\MiKTeX 2.9\tex\latex\float\float.sty"
Package: float 2001/11/08 v1.3d Float enhancements (AL)
\c@float@type=\count115
\float@exts=\toks22
\float@box=\box28
\@float@everytoks=\toks23
\@floatcapt=\box29
)
("C:\Program Files\MiKTeX 2.9\tex\latex\geometry\geometry.sty"
Package: geometry 2010/09/12 v5.6 Page Geometry
\Gm@cnth=\count116
\Gm@cntv=\count117
\c@Gm@tempcnt=\count118
\Gm@bindingoffset=\dimen125
\Gm@wd@mp=\dimen126
\Gm@odd@mp=\dimen127
\Gm@even@mp=\dimen128
\Gm@layoutwidth=\dimen129
\Gm@layoutheight=\dimen130
\Gm@layouthoffset=\dimen131
\Gm@layoutvoffset=\dimen132
\Gm@dimlist=\toks24

("C:\Program Files\MiKTeX 2.9\tex\latex\geometry\geometry.cfg"))
("C:\Program Files\MiKTeX 2.9\tex\latex\tools\verbatim.sty"
Package: verbatim 2014/10/28 v1.5q LaTeX2e package for verbatim enhancements
\every@verbatim=\toks25
\verbatim@line=\toks26
\verbatim@in@stream=\read1
)
("C:\Program Files\MiKTeX 2.9\tex\latex\tools\enumerate.sty"
Package: enumerate 2014/10/28 v3.00 enumerate extensions (DPC)
\@enLab=\toks27
)
("C:\Program Files\MiKTeX 2.9\tex\latex\morefloats\morefloats.sty"
Package: morefloats 2012/01/28 v1.0f Raise limit of unprocessed floats (HMM; DH
)
Package morefloats Info: Maximum number of possible floats asked for: 36.
(morefloats)             LaTeX might run out of memory before this
(morefloats)             (in which case it will notify you).
(morefloats)              on input line 171.
\bx@S=\insert233
\bx@T=\insert232
\bx@U=\insert231
\bx@V=\insert230
\bx@W=\insert229
\bx@X=\insert228
\bx@Y=\insert227
\bx@Z=\insert226
\bx@AA=\insert225
\bx@AB=\insert224
\bx@AC=\insert223
\bx@AD=\insert222
\bx@AE=\insert221
\bx@AF=\insert220
\bx@AG=\insert219
\bx@AH=\insert218
\bx@AI=\insert217
\bx@AJ=\insert216
)
(update_15mar.aux)
LaTeX Font Info:    Checking defaults for OML/cmm/m/it on input line 13.
LaTeX Font Info:    ... okay on input line 13.
LaTeX Font Info:    Checking defaults for T1/cmr/m/n on input line 13.
LaTeX Font Info:    ... okay on input line 13.
LaTeX Font Info:    Checking defaults for OT1/cmr/m/n on input line 13.
LaTeX Font Info:    ... okay on input line 13.
LaTeX Font Info:    Checking defaults for OMS/cmsy/m/n on input line 13.
LaTeX Font Info:    ... okay on input line 13.
LaTeX Font Info:    Checking defaults for OMX/cmex/m/n on input line 13.
LaTeX Font Info:    ... okay on input line 13.
LaTeX Font Info:    Checking defaults for U/cmr/m/n on input line 13.
LaTeX Font Info:    ... okay on input line 13.
LaTeX Font Info:    Checking defaults for PD1/pdf/m/n on input line 13.
LaTeX Font Info:    ... okay on input line 13.
 ("C:\Program Files\MiKTeX 2.9\tex\context\base\supp-pdf.mkii"
[Loading MPS to PDF converter (version 2006.09.02).]
\scratchcounter=\count119
\scratchdimen=\dimen133
\scratchbox=\box30
\nofMPsegments=\count120
\nofMParguments=\count121
\everyMPshowfont=\toks28
\MPscratchCnt=\count122
\MPscratchDim=\dimen134
\MPnumerator=\count123
\makeMPintoPDFobject=\count124
\everyMPtoPDFconversion=\toks29
)
\AtBeginShipoutBox=\box31
Package hyperref Info: Link coloring OFF on input line 13.
 ("C:\Program Files\MiKTeX 2.9\tex\latex\hyperref\nameref.sty"
Package: nameref 2012/10/27 v2.43 Cross-referencing by name of section

("C:\Program Files\MiKTeX 2.9\tex\generic\oberdiek\gettitlestring.sty"
Package: gettitlestring 2010/12/03 v1.4 Cleanup title references (HO)
)
\c@section@level=\count125
)
LaTeX Info: Redefining \ref on input line 13.
LaTeX Info: Redefining \pageref on input line 13.
LaTeX Info: Redefining \nameref on input line 13.

(update_15mar.out) (update_15mar.out)
\@outlinefile=\write3

*geometry* driver: auto-detecting
*geometry* detected driver: pdftex
*geometry* verbose mode - [ preamble ] result:
* driver: pdftex
* paper: <default>
* layout: <same size as paper>
* layoutoffset:(h,v)=(0.0pt,0.0pt)
* modes: 
* h-part:(L,W,R)=(57.81621pt, 498.66258pt, 57.81621pt)
* v-part:(T,H,B)=(57.81621pt, 679.33757pt, 57.81621pt)
* \paperwidth=614.295pt
* \paperheight=794.96999pt
* \textwidth=498.66258pt
* \textheight=679.33757pt
* \oddsidemargin=-14.45378pt
* \evensidemargin=-14.45378pt
* \topmargin=-14.45378pt
* \headheight=0.0pt
* \headsep=0.0pt
* \topskip=12.0pt
* \footskip=30.0pt
* \marginparwidth=44.0pt
* \marginparsep=10.0pt
* \columnsep=10.0pt
* \skip\footins=10.8pt plus 4.0pt minus 2.0pt
* \hoffset=0.0pt
* \voffset=0.0pt
* \mag=1000
* \@twocolumnfalse
* \@twosidefalse
* \@mparswitchfalse
* \@reversemarginfalse
* (1in=72.27pt=25.4mm, 1cm=28.453pt)

LaTeX Font Info:    Try loading font information for OMS+cmr on input line 24.
("C:\Program Files\MiKTeX 2.9\tex\latex\base\omscmr.fd"
File: omscmr.fd 2014/09/29 v2.5h Standard LaTeX font definitions
)
LaTeX Font Info:    Font shape `OMS/cmr/m/n' in size <12> not available
(Font)              Font shape `OMS/cmsy/m/n' tried instead on input line 24.
 [1

{C:/ProgramData/MiKTeX/2.9/pdftex/config/pdftex.map}]
LaTeX Font Info:    Try loading font information for U+msa on input line 51.

("C:\Program Files\MiKTeX 2.9\tex\latex\amsfonts\umsa.fd"
File: umsa.fd 2013/01/14 v3.01 AMS symbols A
)
LaTeX Font Info:    Try loading font information for U+msb on input line 51.

("C:\Program Files\MiKTeX 2.9\tex\latex\amsfonts\umsb.fd"
File: umsb.fd 2013/01/14 v3.01 AMS symbols B
) [2pdfTeX warning (ext4): destination with the same identifier (name{table.1})
 has been already used, duplicate ignored

\AtBegShi@Output ...ipout \box \AtBeginShipoutBox 
                                                  \fi \fi 
l.107 
      pdfTeX warning (ext4): destination with the same identifier (name{table.2
}) has been already used, duplicate ignored

\AtBegShi@Output ...ipout \box \AtBeginShipoutBox 
                                                  \fi \fi 
l.107 
      pdfTeX warning (ext4): destination with the same identifier (name{table.3
}) has been already used, duplicate ignored

\AtBegShi@Output ...ipout \box \AtBeginShipoutBox 
                                                  \fi \fi 
l.107 
      ] [3pdfTeX warning (ext4): destination with the same identifier (name{tab
le.4}) has been already used, duplicate ignored

\AtBegShi@Output ...ipout \box \AtBeginShipoutBox 
                                                  \fi \fi 
l.169 
      pdfTeX warning (ext4): destination with the same identifier (name{table.5
}) has been already used, duplicate ignored

\AtBegShi@Output ...ipout \box \AtBeginShipoutBox 
                                                  \fi \fi 
l.169 
      pdfTeX warning (ext4): destination with the same identifier (name{table.6
}) has been already used, duplicate ignored

\AtBegShi@Output ...ipout \box \AtBeginShipoutBox 
                                                  \fi \fi 
l.169 
      ] [4pdfTeX warning (ext4): destination with the same identifier (name{tab
le.7}) has been already used, duplicate ignored

\AtBegShi@Output ...ipout \box \AtBeginShipoutBox 
                                                  \fi \fi 
l.281 
      ] [5pdfTeX warning (ext4): destination with the same identifier (name{tab
le.8}) has been already used, duplicate ignored

\AtBegShi@Output ...ipout \box \AtBeginShipoutBox 
                                                  \fi \fi 
l.322 
      ] [6pdfTeX warning (ext4): destination with the same identifier (name{tab
le.9}) has been already used, duplicate ignored

\AtBegShi@Output ...ipout \box \AtBeginShipoutBox 
                                                  \fi \fi 
l.365 
      ]
<C:/Users/Ethan/Documents/GitHub/partycalls/plots/who-heeds-figure2-replication
_interaction.pdf, id=70, 289.08pt x 578.16pt>
File: C:/Users/Ethan/Documents/GitHub/partycalls/plots/who-heeds-figure2-replic
ation_interaction.pdf Graphic file (type pdf)

<use C:/Users/Ethan/Documents/GitHub/partycalls/plots/who-heeds-figure2-replica
tion_interaction.pdf>
Package pdftex.def Info: C:/Users/Ethan/Documents/GitHub/partycalls/plots/who-h
eeds-figure2-replication_interaction.pdf used on input line 369.
(pdftex.def)             Requested size: 284.52756pt x 569.08073pt.
 [7pdfTeX warning (ext4): destination with the same identifier (name{table.10})
 has been already used, duplicate ignored

\AtBegShi@Output ...ipout \box \AtBeginShipoutBox 
                                                  \fi \fi 
l.371 
      ]
<C:/Users/Ethan/Documents/GitHub/partycalls/plots/who-heeds-figure2-interaction
_party.pdf, id=77, 289.08pt x 578.16pt>
File: C:/Users/Ethan/Documents/GitHub/partycalls/plots/who-heeds-figure2-intera
ction_party.pdf Graphic file (type pdf)

<use C:/Users/Ethan/Documents/GitHub/partycalls/plots/who-heeds-figure2-interac
tion_party.pdf>
Package pdftex.def Info: C:/Users/Ethan/Documents/GitHub/partycalls/plots/who-h
eeds-figure2-interaction_party.pdf used on input line 375.
(pdftex.def)             Requested size: 284.52756pt x 569.08073pt.
 [8pdfTeX warning (ext4): destination with the same identifier (name{figure.1})
 has been already used, duplicate ignored

\AtBegShi@Output ...ipout \box \AtBeginShipoutBox 
                                                  \fi \fi 
l.377 
       <C:/Users/Ethan/Documents/GitHub/partycalls/plots/who-heeds-figure2-repl
ication_interaction.pdf>]
<C:/Users/Ethan/Documents/GitHub/partycalls/plots/who-heeds-figure2-interaction
-south-other-dems.pdf, id=90, 289.08pt x 578.16pt>
File: C:/Users/Ethan/Documents/GitHub/partycalls/plots/who-heeds-figure2-intera
ction-south-other-dems.pdf Graphic file (type pdf)

<use C:/Users/Ethan/Documents/GitHub/partycalls/plots/who-heeds-figure2-interac
tion-south-other-dems.pdf>
Package pdftex.def Info: C:/Users/Ethan/Documents/GitHub/partycalls/plots/who-h
eeds-figure2-interaction-south-other-dems.pdf used on input line 381.
(pdftex.def)             Requested size: 284.52756pt x 569.08073pt.
 [9pdfTeX warning (ext4): destination with the same identifier (name{figure.2})
 has been already used, duplicate ignored

\AtBegShi@Output ...ipout \box \AtBeginShipoutBox 
                                                  \fi \fi 
l.383 
       <C:/Users/Ethan/Documents/GitHub/partycalls/plots/who-heeds-figure2-inte
raction_party.pdf>]
<C:/Users/Ethan/Documents/GitHub/partycalls/plots/senate-figure2-interaction.pd
f, id=103, 289.08pt x 578.16pt>
File: C:/Users/Ethan/Documents/GitHub/partycalls/plots/senate-figure2-interacti
on.pdf Graphic file (type pdf)

<use C:/Users/Ethan/Documents/GitHub/partycalls/plots/senate-figure2-interactio
n.pdf>
Package pdftex.def Info: C:/Users/Ethan/Documents/GitHub/partycalls/plots/senat
e-figure2-interaction.pdf used on input line 387.
(pdftex.def)             Requested size: 284.52756pt x 569.08073pt.
 [10pdfTeX warning (ext4): destination with the same identifier (name{figure.3}
) has been already used, duplicate ignored

\AtBegShi@Output ...ipout \box \AtBeginShipoutBox 
                                                  \fi \fi 
l.389 
       <C:/Users/Ethan/Documents/GitHub/partycalls/plots/who-heeds-figure2-inte
raction-south-other-dems.pdf>]
<C:/Users/Ethan/Documents/GitHub/partycalls/plots/senate-figure2-interaction-pa
rty.pdf, id=116, 289.08pt x 578.16pt>
File: C:/Users/Ethan/Documents/GitHub/partycalls/plots/senate-figure2-interacti
on-party.pdf Graphic file (type pdf)

<use C:/Users/Ethan/Documents/GitHub/partycalls/plots/senate-figure2-interactio
n-party.pdf>
Package pdftex.def Info: C:/Users/Ethan/Documents/GitHub/partycalls/plots/senat
e-figure2-interaction-party.pdf used on input line 393.
(pdftex.def)             Requested size: 284.52756pt x 569.08073pt.
 [11pdfTeX warning (ext4): destination with the same identifier (name{figure.4}
) has been already used, duplicate ignored

\AtBegShi@Output ...ipout \box \AtBeginShipoutBox 
                                                  \fi \fi 
l.395 
       <C:/Users/Ethan/Documents/GitHub/partycalls/plots/senate-figure2-interac
tion.pdf>]
<C:/Users/Ethan/Documents/GitHub/partycalls/plots/senate-figure2-interaction-re
election.pdf, id=129, 289.08pt x 578.16pt>
File: C:/Users/Ethan/Documents/GitHub/partycalls/plots/senate-figure2-interacti
on-reelection.pdf Graphic file (type pdf)

<use C:/Users/Ethan/Documents/GitHub/partycalls/plots/senate-figure2-interactio
n-reelection.pdf>
Package pdftex.def Info: C:/Users/Ethan/Documents/GitHub/partycalls/plots/senat
e-figure2-interaction-reelection.pdf used on input line 399.
(pdftex.def)             Requested size: 284.52756pt x 569.08073pt.
 [12pdfTeX warning (ext4): destination with the same identifier (name{figure.5}
) has been already used, duplicate ignored

\AtBegShi@Output ...ipout \box \AtBeginShipoutBox 
                                                  \fi \fi 
l.401 
       <C:/Users/Ethan/Documents/GitHub/partycalls/plots/senate-figure2-interac
tion-party.pdf>]
<C:/Users/Ethan/Documents/GitHub/partycalls/plots/senate-figure2-interaction-gi
ngrich-other-reps.pdf, id=142, 289.08pt x 578.16pt>
File: C:/Users/Ethan/Documents/GitHub/partycalls/plots/senate-figure2-interacti
on-gingrich-other-reps.pdf Graphic file (type pdf)

<use C:/Users/Ethan/Documents/GitHub/partycalls/plots/senate-figure2-interactio
n-gingrich-other-reps.pdf>
Package pdftex.def Info: C:/Users/Ethan/Documents/GitHub/partycalls/plots/senat
e-figure2-interaction-gingrich-other-reps.pdf used on input line 405.
(pdftex.def)             Requested size: 284.52756pt x 569.08073pt.
 [13pdfTeX warning (ext4): destination with the same identifier (name{figure.6}
) has been already used, duplicate ignored

\AtBegShi@Output ...ipout \box \AtBeginShipoutBox 
                                                  \fi \fi 
l.407 
       <C:/Users/Ethan/Documents/GitHub/partycalls/plots/senate-figure2-interac
tion-reelection.pdf>]
<C:/Users/Ethan/Documents/GitHub/partycalls/plots/senate-figure2-interaction-so
uthern-other-dems.pdf, id=156, 289.08pt x 578.16pt>
File: C:/Users/Ethan/Documents/GitHub/partycalls/plots/senate-figure2-interacti
on-southern-other-dems.pdf Graphic file (type pdf)

<use C:/Users/Ethan/Documents/GitHub/partycalls/plots/senate-figure2-interactio
n-southern-other-dems.pdf>
Package pdftex.def Info: C:/Users/Ethan/Documents/GitHub/partycalls/plots/senat
e-figure2-interaction-southern-other-dems.pdf used on input line 411.
(pdftex.def)             Requested size: 284.52756pt x 569.08073pt.
 [14pdfTeX warning (ext4): destination with the same identifier (name{figure.7}
) has been already used, duplicate ignored

\AtBegShi@Output ...ipout \box \AtBeginShipoutBox 
                                                  \fi \fi 
l.413 
       <C:/Users/Ethan/Documents/GitHub/partycalls/plots/senate-figure2-interac
tion-gingrich-other-reps.pdf>] [15pdfTeX warning (ext4): destination with the s
ame identifier (name{figure.8}) has been already used, duplicate ignored

\AtBegShi@Output ...ipout \box \AtBeginShipoutBox 
                                                  \fi \fi 
l.415 
       <C:/Users/Ethan/Documents/GitHub/partycalls/plots/senate-figure2-interac
tion-southern-other-dems.pdf>] [16pdfTeX warning (ext4): destination with the s
ame identifier (name{table.11}) has been already used, duplicate ignored

\AtBegShi@Output ...ipout \box \AtBeginShipoutBox 
                                                  \fi \fi 
l.519 
      ] [17pdfTeX warning (ext4): destination with the same identifier (name{ta
ble.12}) has been already used, duplicate ignored

\AtBegShi@Output ...ipout \box \AtBeginShipoutBox 
                                                  \fi \fi 
l.556 
      ] [18pdfTeX warning (ext4): destination with the same identifier (name{ta
ble.13}) has been already used, duplicate ignored

\AtBegShi@Output ...ipout \box \AtBeginShipoutBox 
                                                  \fi \fi 
l.595 
      ] [19pdfTeX warning (ext4): destination with the same identifier (name{ta
ble.14}) has been already used, duplicate ignored

\AtBegShi@Output ...ipout \box \AtBeginShipoutBox 
                                                  \fi \fi 
l.645 
      ] [20pdfTeX warning (ext4): destination with the same identifier (name{ta
ble.15}) has been already used, duplicate ignored

\AtBegShi@Output ...ipout \box \AtBeginShipoutBox 
                                                  \fi \fi 
l.697 
      ] [21pdfTeX warning (ext4): destination with the same identifier (name{ta
ble.16}) has been already used, duplicate ignored

\AtBegShi@Output ...ipout \box \AtBeginShipoutBox 
                                                  \fi \fi 
l.734 
      ] [22pdfTeX warning (ext4): destination with the same identifier (name{ta
ble.17}) has been already used, duplicate ignored

\AtBegShi@Output ...ipout \box \AtBeginShipoutBox 
                                                  \fi \fi 
l.773 
      ] [23pdfTeX warning (ext4): destination with the same identifier (name{ta
ble.18}) has been already used, duplicate ignored

\AtBegShi@Output ...ipout \box \AtBeginShipoutBox 
                                                  \fi \fi 
l.775 
      ]
<C:/Users/Ethan/Documents/GitHub/partycalls/plots/senate_dem_iv-iv_all_confint.
pdf, id=222, 462.72874pt x 268.00125pt>
File: C:/Users/Ethan/Documents/GitHub/partycalls/plots/senate_dem_iv-iv_all_con
fint.pdf Graphic file (type pdf)

<use C:/Users/Ethan/Documents/GitHub/partycalls/plots/senate_dem_iv-iv_all_conf
int.pdf>
Package pdftex.def Info: C:/Users/Ethan/Documents/GitHub/partycalls/plots/senat
e_dem_iv-iv_all_confint.pdf used on input line 781.
(pdftex.def)             Requested size: 498.66258pt x 288.81543pt.

<C:/Users/Ethan/Documents/GitHub/partycalls/plots/senate_dem_iv-dv_all_confint.
pdf, id=223, 462.72874pt x 268.00125pt>
File: C:/Users/Ethan/Documents/GitHub/partycalls/plots/senate_dem_iv-dv_all_con
fint.pdf Graphic file (type pdf)

<use C:/Users/Ethan/Documents/GitHub/partycalls/plots/senate_dem_iv-dv_all_conf
int.pdf>
Package pdftex.def Info: C:/Users/Ethan/Documents/GitHub/partycalls/plots/senat
e_dem_iv-dv_all_confint.pdf used on input line 787.
(pdftex.def)             Requested size: 498.66258pt x 288.81543pt.

<C:/Users/Ethan/Documents/GitHub/partycalls/plots/senate_dem_iv-iv_majority_con
fint.pdf, id=224, 462.72874pt x 268.00125pt>
File: C:/Users/Ethan/Documents/GitHub/partycalls/plots/senate_dem_iv-iv_majorit
y_confint.pdf Graphic file (type pdf)

<use C:/Users/Ethan/Documents/GitHub/partycalls/plots/senate_dem_iv-iv_majority
_confint.pdf>
Package pdftex.def Info: C:/Users/Ethan/Documents/GitHub/partycalls/plots/senat
e_dem_iv-iv_majority_confint.pdf used on input line 793.
(pdftex.def)             Requested size: 498.66258pt x 288.81543pt.
 [24pdfTeX warning (ext4): destination with the same identifier (name{figure.9}
) has been already used, duplicate ignored

\AtBegShi@Output ...ipout \box \AtBeginShipoutBox 
                                                  \fi \fi 
l.795 
      pdfTeX warning (ext4): destination with the same identifier (name{figure.
10}) has been already used, duplicate ignored

\AtBegShi@Output ...ipout \box \AtBeginShipoutBox 
                                                  \fi \fi 
l.795 
       <C:/Users/Ethan/Documents/GitHub/partycalls/plots/senate_dem_iv-iv_all_c
onfint.pdf> <C:/Users/Ethan/Documents/GitHub/partycalls/plots/senate_dem_iv-dv_
all_confint.pdf>]
<C:/Users/Ethan/Documents/GitHub/partycalls/plots/senate_dem_iv-dv_majority_con
fint.pdf, id=249, 462.72874pt x 268.00125pt>
File: C:/Users/Ethan/Documents/GitHub/partycalls/plots/senate_dem_iv-dv_majorit
y_confint.pdf Graphic file (type pdf)

<use C:/Users/Ethan/Documents/GitHub/partycalls/plots/senate_dem_iv-dv_majority
_confint.pdf>
Package pdftex.def Info: C:/Users/Ethan/Documents/GitHub/partycalls/plots/senat
e_dem_iv-dv_majority_confint.pdf used on input line 799.
(pdftex.def)             Requested size: 498.66258pt x 288.81543pt.

<C:/Users/Ethan/Documents/GitHub/partycalls/plots/senate_dem_iv-iv_south_confin
t.pdf, id=250, 462.72874pt x 268.00125pt>
File: C:/Users/Ethan/Documents/GitHub/partycalls/plots/senate_dem_iv-iv_south_c
onfint.pdf Graphic file (type pdf)

<use C:/Users/Ethan/Documents/GitHub/partycalls/plots/senate_dem_iv-iv_south_co
nfint.pdf>
Package pdftex.def Info: C:/Users/Ethan/Documents/GitHub/partycalls/plots/senat
e_dem_iv-iv_south_confint.pdf used on input line 805.
(pdftex.def)             Requested size: 498.66258pt x 288.81543pt.
 [25pdfTeX warning (ext4): destination with the same identifier (name{figure.11
}) has been already used, duplicate ignored

\AtBegShi@Output ...ipout \box \AtBeginShipoutBox 
                                                  \fi \fi 
l.807 
      pdfTeX warning (ext4): destination with the same identifier (name{figure.
12}) has been already used, duplicate ignored

\AtBegShi@Output ...ipout \box \AtBeginShipoutBox 
                                                  \fi \fi 
l.807 
       <C:/Users/Ethan/Documents/GitHub/partycalls/plots/senate_dem_iv-iv_major
ity_confint.pdf> <C:/Users/Ethan/Documents/GitHub/partycalls/plots/senate_dem_i
v-dv_majority_confint.pdf>]
<C:/Users/Ethan/Documents/GitHub/partycalls/plots/senate_dem_iv-dv_south_confin
t.pdf, id=276, 462.72874pt x 268.00125pt>
File: C:/Users/Ethan/Documents/GitHub/partycalls/plots/senate_dem_iv-dv_south_c
onfint.pdf Graphic file (type pdf)

<use C:/Users/Ethan/Documents/GitHub/partycalls/plots/senate_dem_iv-dv_south_co
nfint.pdf>
Package pdftex.def Info: C:/Users/Ethan/Documents/GitHub/partycalls/plots/senat
e_dem_iv-dv_south_confint.pdf used on input line 811.
(pdftex.def)             Requested size: 498.66258pt x 288.81543pt.

<C:/Users/Ethan/Documents/GitHub/partycalls/plots/senate_rep_iv-iv_all_confint.
pdf, id=277, 462.72874pt x 268.00125pt>
File: C:/Users/Ethan/Documents/GitHub/partycalls/plots/senate_rep_iv-iv_all_con
fint.pdf Graphic file (type pdf)

<use C:/Users/Ethan/Documents/GitHub/partycalls/plots/senate_rep_iv-iv_all_conf
int.pdf>
Package pdftex.def Info: C:/Users/Ethan/Documents/GitHub/partycalls/plots/senat
e_rep_iv-iv_all_confint.pdf used on input line 817.
(pdftex.def)             Requested size: 498.66258pt x 288.81543pt.
 [26pdfTeX warning (ext4): destination with the same identifier (name{figure.13
}) has been already used, duplicate ignored

\AtBegShi@Output ...ipout \box \AtBeginShipoutBox 
                                                  \fi \fi 
l.819 
      pdfTeX warning (ext4): destination with the same identifier (name{figure.
14}) has been already used, duplicate ignored

\AtBegShi@Output ...ipout \box \AtBeginShipoutBox 
                                                  \fi \fi 
l.819 
       <C:/Users/Ethan/Documents/GitHub/partycalls/plots/senate_dem_iv-iv_south
_confint.pdf> <C:/Users/Ethan/Documents/GitHub/partycalls/plots/senate_dem_iv-d
v_south_confint.pdf>]
<C:/Users/Ethan/Documents/GitHub/partycalls/plots/senate_rep_iv-dv_all_confint.
pdf, id=302, 462.72874pt x 268.00125pt>
File: C:/Users/Ethan/Documents/GitHub/partycalls/plots/senate_rep_iv-dv_all_con
fint.pdf Graphic file (type pdf)

<use C:/Users/Ethan/Documents/GitHub/partycalls/plots/senate_rep_iv-dv_all_conf
int.pdf>
Package pdftex.def Info: C:/Users/Ethan/Documents/GitHub/partycalls/plots/senat
e_rep_iv-dv_all_confint.pdf used on input line 823.
(pdftex.def)             Requested size: 498.66258pt x 288.81543pt.

<C:/Users/Ethan/Documents/GitHub/partycalls/plots/senate_rep_iv-iv_majority_con
fint.pdf, id=303, 462.72874pt x 268.00125pt>
File: C:/Users/Ethan/Documents/GitHub/partycalls/plots/senate_rep_iv-iv_majorit
y_confint.pdf Graphic file (type pdf)

<use C:/Users/Ethan/Documents/GitHub/partycalls/plots/senate_rep_iv-iv_majority
_confint.pdf>
Package pdftex.def Info: C:/Users/Ethan/Documents/GitHub/partycalls/plots/senat
e_rep_iv-iv_majority_confint.pdf used on input line 829.
(pdftex.def)             Requested size: 498.66258pt x 288.81543pt.
 [27pdfTeX warning (ext4): destination with the same identifier (name{figure.15
}) has been already used, duplicate ignored

\AtBegShi@Output ...ipout \box \AtBeginShipoutBox 
                                                  \fi \fi 
l.831 
      pdfTeX warning (ext4): destination with the same identifier (name{figure.
16}) has been already used, duplicate ignored

\AtBegShi@Output ...ipout \box \AtBeginShipoutBox 
                                                  \fi \fi 
l.831 
       <C:/Users/Ethan/Documents/GitHub/partycalls/plots/senate_rep_iv-iv_all_c
onfint.pdf> <C:/Users/Ethan/Documents/GitHub/partycalls/plots/senate_rep_iv-dv_
all_confint.pdf>]
<C:/Users/Ethan/Documents/GitHub/partycalls/plots/senate_rep_iv-dv_majority_con
fint.pdf, id=328, 462.72874pt x 268.00125pt>
File: C:/Users/Ethan/Documents/GitHub/partycalls/plots/senate_rep_iv-dv_majorit
y_confint.pdf Graphic file (type pdf)

<use C:/Users/Ethan/Documents/GitHub/partycalls/plots/senate_rep_iv-dv_majority
_confint.pdf>
Package pdftex.def Info: C:/Users/Ethan/Documents/GitHub/partycalls/plots/senat
e_rep_iv-dv_majority_confint.pdf used on input line 835.
(pdftex.def)             Requested size: 498.66258pt x 288.81543pt.

<C:/Users/Ethan/Documents/GitHub/partycalls/plots/senate_rep_iv-iv_gingrich_con
fint.pdf, id=329, 462.72874pt x 268.00125pt>
File: C:/Users/Ethan/Documents/GitHub/partycalls/plots/senate_rep_iv-iv_gingric
h_confint.pdf Graphic file (type pdf)

<use C:/Users/Ethan/Documents/GitHub/partycalls/plots/senate_rep_iv-iv_gingrich
_confint.pdf>
Package pdftex.def Info: C:/Users/Ethan/Documents/GitHub/partycalls/plots/senat
e_rep_iv-iv_gingrich_confint.pdf used on input line 841.
(pdftex.def)             Requested size: 498.66258pt x 288.81543pt.
 [28pdfTeX warning (ext4): destination with the same identifier (name{figure.17
}) has been already used, duplicate ignored

\AtBegShi@Output ...ipout \box \AtBeginShipoutBox 
                                                  \fi \fi 
l.843 
      pdfTeX warning (ext4): destination with the same identifier (name{figure.
18}) has been already used, duplicate ignored

\AtBegShi@Output ...ipout \box \AtBeginShipoutBox 
                                                  \fi \fi 
l.843 
       <C:/Users/Ethan/Documents/GitHub/partycalls/plots/senate_rep_iv-iv_major
ity_confint.pdf> <C:/Users/Ethan/Documents/GitHub/partycalls/plots/senate_rep_i
v-dv_majority_confint.pdf>]
<C:/Users/Ethan/Documents/GitHub/partycalls/plots/senate_rep_iv-dv_gingrich_con
fint.pdf, id=354, 462.72874pt x 268.00125pt>
File: C:/Users/Ethan/Documents/GitHub/partycalls/plots/senate_rep_iv-dv_gingric
h_confint.pdf Graphic file (type pdf)

<use C:/Users/Ethan/Documents/GitHub/partycalls/plots/senate_rep_iv-dv_gingrich
_confint.pdf>
Package pdftex.def Info: C:/Users/Ethan/Documents/GitHub/partycalls/plots/senat
e_rep_iv-dv_gingrich_confint.pdf used on input line 847.
(pdftex.def)             Requested size: 498.66258pt x 288.81543pt.

<C:/Users/Ethan/Documents/GitHub/partycalls/plots/house_dem_iv-iv_all_confint.p
df, id=355, 462.72874pt x 268.00125pt>
File: C:/Users/Ethan/Documents/GitHub/partycalls/plots/house_dem_iv-iv_all_conf
int.pdf Graphic file (type pdf)

<use C:/Users/Ethan/Documents/GitHub/partycalls/plots/house_dem_iv-iv_all_confi
nt.pdf>
Package pdftex.def Info: C:/Users/Ethan/Documents/GitHub/partycalls/plots/house
_dem_iv-iv_all_confint.pdf used on input line 853.
(pdftex.def)             Requested size: 498.66258pt x 288.81543pt.
 [29pdfTeX warning (ext4): destination with the same identifier (name{figure.19
}) has been already used, duplicate ignored

\AtBegShi@Output ...ipout \box \AtBeginShipoutBox 
                                                  \fi \fi 
l.855 
      pdfTeX warning (ext4): destination with the same identifier (name{figure.
20}) has been already used, duplicate ignored

\AtBegShi@Output ...ipout \box \AtBeginShipoutBox 
                                                  \fi \fi 
l.855 
       <C:/Users/Ethan/Documents/GitHub/partycalls/plots/senate_rep_iv-iv_gingr
ich_confint.pdf> <C:/Users/Ethan/Documents/GitHub/partycalls/plots/senate_rep_i
v-dv_gingrich_confint.pdf>]
<C:/Users/Ethan/Documents/GitHub/partycalls/plots/house_dem_iv-dv_all_confint.p
df, id=380, 462.72874pt x 268.00125pt>
File: C:/Users/Ethan/Documents/GitHub/partycalls/plots/house_dem_iv-dv_all_conf
int.pdf Graphic file (type pdf)

<use C:/Users/Ethan/Documents/GitHub/partycalls/plots/house_dem_iv-dv_all_confi
nt.pdf>
Package pdftex.def Info: C:/Users/Ethan/Documents/GitHub/partycalls/plots/house
_dem_iv-dv_all_confint.pdf used on input line 859.
(pdftex.def)             Requested size: 498.66258pt x 288.81543pt.

<C:/Users/Ethan/Documents/GitHub/partycalls/plots/house_dem_iv-iv_majority_conf
int.pdf, id=381, 462.72874pt x 268.00125pt>
File: C:/Users/Ethan/Documents/GitHub/partycalls/plots/house_dem_iv-iv_majority
_confint.pdf Graphic file (type pdf)

<use C:/Users/Ethan/Documents/GitHub/partycalls/plots/house_dem_iv-iv_majority_
confint.pdf>
Package pdftex.def Info: C:/Users/Ethan/Documents/GitHub/partycalls/plots/house
_dem_iv-iv_majority_confint.pdf used on input line 865.
(pdftex.def)             Requested size: 498.66258pt x 288.81543pt.
 [30pdfTeX warning (ext4): destination with the same identifier (name{figure.21
}) has been already used, duplicate ignored

\AtBegShi@Output ...ipout \box \AtBeginShipoutBox 
                                                  \fi \fi 
l.867 
      pdfTeX warning (ext4): destination with the same identifier (name{figure.
22}) has been already used, duplicate ignored

\AtBegShi@Output ...ipout \box \AtBeginShipoutBox 
                                                  \fi \fi 
l.867 
       <C:/Users/Ethan/Documents/GitHub/partycalls/plots/house_dem_iv-iv_all_co
nfint.pdf> <C:/Users/Ethan/Documents/GitHub/partycalls/plots/house_dem_iv-dv_al
l_confint.pdf>]
<C:/Users/Ethan/Documents/GitHub/partycalls/plots/house_dem_iv-dv_majority_conf
int.pdf, id=406, 462.72874pt x 268.00125pt>
File: C:/Users/Ethan/Documents/GitHub/partycalls/plots/house_dem_iv-dv_majority
_confint.pdf Graphic file (type pdf)

<use C:/Users/Ethan/Documents/GitHub/partycalls/plots/house_dem_iv-dv_majority_
confint.pdf>
Package pdftex.def Info: C:/Users/Ethan/Documents/GitHub/partycalls/plots/house
_dem_iv-dv_majority_confint.pdf used on input line 871.
(pdftex.def)             Requested size: 498.66258pt x 288.81543pt.

<C:/Users/Ethan/Documents/GitHub/partycalls/plots/house_dem_iv-iv_south_confint
.pdf, id=407, 462.72874pt x 268.00125pt>
File: C:/Users/Ethan/Documents/GitHub/partycalls/plots/house_dem_iv-iv_south_co
nfint.pdf Graphic file (type pdf)

<use C:/Users/Ethan/Documents/GitHub/partycalls/plots/house_dem_iv-iv_south_con
fint.pdf>
Package pdftex.def Info: C:/Users/Ethan/Documents/GitHub/partycalls/plots/house
_dem_iv-iv_south_confint.pdf used on input line 877.
(pdftex.def)             Requested size: 498.66258pt x 288.81543pt.
 [31pdfTeX warning (ext4): destination with the same identifier (name{figure.23
}) has been already used, duplicate ignored

\AtBegShi@Output ...ipout \box \AtBeginShipoutBox 
                                                  \fi \fi 
l.879 
      pdfTeX warning (ext4): destination with the same identifier (name{figure.
24}) has been already used, duplicate ignored

\AtBegShi@Output ...ipout \box \AtBeginShipoutBox 
                                                  \fi \fi 
l.879 
       <C:/Users/Ethan/Documents/GitHub/partycalls/plots/house_dem_iv-iv_majori
ty_confint.pdf> <C:/Users/Ethan/Documents/GitHub/partycalls/plots/house_dem_iv-
dv_majority_confint.pdf>]
<C:/Users/Ethan/Documents/GitHub/partycalls/plots/house_dem_iv-dv_south_confint
.pdf, id=432, 462.72874pt x 268.00125pt>
File: C:/Users/Ethan/Documents/GitHub/partycalls/plots/house_dem_iv-dv_south_co
nfint.pdf Graphic file (type pdf)

<use C:/Users/Ethan/Documents/GitHub/partycalls/plots/house_dem_iv-dv_south_con
fint.pdf>
Package pdftex.def Info: C:/Users/Ethan/Documents/GitHub/partycalls/plots/house
_dem_iv-dv_south_confint.pdf used on input line 883.
(pdftex.def)             Requested size: 498.66258pt x 288.81543pt.

<C:/Users/Ethan/Documents/GitHub/partycalls/plots/house_rep_iv-iv_all_confint.p
df, id=433, 462.72874pt x 268.00125pt>
File: C:/Users/Ethan/Documents/GitHub/partycalls/plots/house_rep_iv-iv_all_conf
int.pdf Graphic file (type pdf)

<use C:/Users/Ethan/Documents/GitHub/partycalls/plots/house_rep_iv-iv_all_confi
nt.pdf>
Package pdftex.def Info: C:/Users/Ethan/Documents/GitHub/partycalls/plots/house
_rep_iv-iv_all_confint.pdf used on input line 889.
(pdftex.def)             Requested size: 498.66258pt x 288.81543pt.
 [32pdfTeX warning (ext4): destination with the same identifier (name{figure.25
}) has been already used, duplicate ignored

\AtBegShi@Output ...ipout \box \AtBeginShipoutBox 
                                                  \fi \fi 
l.891 
      pdfTeX warning (ext4): destination with the same identifier (name{figure.
26}) has been already used, duplicate ignored

\AtBegShi@Output ...ipout \box \AtBeginShipoutBox 
                                                  \fi \fi 
l.891 
       <C:/Users/Ethan/Documents/GitHub/partycalls/plots/house_dem_iv-iv_south_
confint.pdf> <C:/Users/Ethan/Documents/GitHub/partycalls/plots/house_dem_iv-dv_
south_confint.pdf>]
<C:/Users/Ethan/Documents/GitHub/partycalls/plots/house_rep_iv-dv_all_confint.p
df, id=458, 462.72874pt x 268.00125pt>
File: C:/Users/Ethan/Documents/GitHub/partycalls/plots/house_rep_iv-dv_all_conf
int.pdf Graphic file (type pdf)

<use C:/Users/Ethan/Documents/GitHub/partycalls/plots/house_rep_iv-dv_all_confi
nt.pdf>
Package pdftex.def Info: C:/Users/Ethan/Documents/GitHub/partycalls/plots/house
_rep_iv-dv_all_confint.pdf used on input line 895.
(pdftex.def)             Requested size: 498.66258pt x 288.81543pt.

<C:/Users/Ethan/Documents/GitHub/partycalls/plots/house_rep_iv-iv_majority_conf
int.pdf, id=459, 462.72874pt x 268.00125pt>
File: C:/Users/Ethan/Documents/GitHub/partycalls/plots/house_rep_iv-iv_majority
_confint.pdf Graphic file (type pdf)

<use C:/Users/Ethan/Documents/GitHub/partycalls/plots/house_rep_iv-iv_majority_
confint.pdf>
Package pdftex.def Info: C:/Users/Ethan/Documents/GitHub/partycalls/plots/house
_rep_iv-iv_majority_confint.pdf used on input line 901.
(pdftex.def)             Requested size: 498.66258pt x 288.81543pt.
 [33pdfTeX warning (ext4): destination with the same identifier (name{figure.27
}) has been already used, duplicate ignored

\AtBegShi@Output ...ipout \box \AtBeginShipoutBox 
                                                  \fi \fi 
l.903 
      pdfTeX warning (ext4): destination with the same identifier (name{figure.
28}) has been already used, duplicate ignored

\AtBegShi@Output ...ipout \box \AtBeginShipoutBox 
                                                  \fi \fi 
l.903 
       <C:/Users/Ethan/Documents/GitHub/partycalls/plots/house_rep_iv-iv_all_co
nfint.pdf> <C:/Users/Ethan/Documents/GitHub/partycalls/plots/house_rep_iv-dv_al
l_confint.pdf>]
<C:/Users/Ethan/Documents/GitHub/partycalls/plots/house_rep_iv-dv_majority_conf
int.pdf, id=484, 462.72874pt x 268.00125pt>
File: C:/Users/Ethan/Documents/GitHub/partycalls/plots/house_rep_iv-dv_majority
_confint.pdf Graphic file (type pdf)

<use C:/Users/Ethan/Documents/GitHub/partycalls/plots/house_rep_iv-dv_majority_
confint.pdf>
Package pdftex.def Info: C:/Users/Ethan/Documents/GitHub/partycalls/plots/house
_rep_iv-dv_majority_confint.pdf used on input line 907.
(pdftex.def)             Requested size: 498.66258pt x 288.81543pt.
Package atveryend Info: Empty hook `BeforeClearDocument' on input line 925.
 [34pdfTeX warning (ext4): destination with the same identifier (name{figure.29
}) has been already used, duplicate ignored

\AtBegShi@Output ...ipout \box \AtBeginShipoutBox 
                                                  \fi \fi 
l.925 \end{document}
                    pdfTeX warning (ext4): destination with the same identifier
 (name{figure.30}) has been already used, duplicate ignored

\AtBegShi@Output ...ipout \box \AtBeginShipoutBox 
                                                  \fi \fi 
l.925 \end{document}
                     <C:/Users/Ethan/Documents/GitHub/partycalls/plots/house_re
p_iv-iv_majority_confint.pdf> <C:/Users/Ethan/Documents/GitHub/partycalls/plots
/house_rep_iv-dv_majority_confint.pdf>]
Package atveryend Info: Empty hook `AfterLastShipout' on input line 925.
 (update_15mar.aux)
Package atveryend Info: Executing hook `AtVeryEndDocument' on input line 925.
Package atveryend Info: Executing hook `AtEndAfterFileList' on input line 925.
Package rerunfilecheck Info: File `update_15mar.out' has not changed.
(rerunfilecheck)             Checksum: 45C6D6CD34453B0FA16A56DDF0EE6034;455.
Package atveryend Info: Empty hook `AtVeryVeryEnd' on input line 925.
 ) 
Here is how much of TeX's memory you used:
 7369 strings out of 493698
 113338 string characters out of 3144412
 211503 words of memory out of 3000000
 10470 multiletter control sequences out of 15000+200000
 13826 words of font info for 51 fonts, out of 3000000 for 9000
 1025 hyphenation exceptions out of 8191
 29i,10n,32p,605b,326s stack positions out of 5000i,500n,10000p,200000b,50000s
<C:/Program Files/MiKTeX 2.9/fonts/type1/public/amsfonts/cm/cmbx12.pfb><C:/Pr
ogram Files/MiKTeX 2.9/fonts/type1/public/amsfonts/cm/cmmi12.pfb><C:/Program Fi
les/MiKTeX 2.9/fonts/type1/public/amsfonts/cm/cmmi8.pfb><C:/Program Files/MiKTe
X 2.9/fonts/type1/public/amsfonts/cm/cmr12.pfb><C:/Program Files/MiKTeX 2.9/fon
ts/type1/public/amsfonts/cm/cmr17.pfb><C:/Program Files/MiKTeX 2.9/fonts/type1/
public/amsfonts/cm/cmr8.pfb><C:/Program Files/MiKTeX 2.9/fonts/type1/public/ams
fonts/cm/cmsy10.pfb><C:/Program Files/MiKTeX 2.9/fonts/type1/public/amsfonts/cm
/cmsy6.pfb><C:/Program Files/MiKTeX 2.9/fonts/type1/public/amsfonts/cm/cmsy8.pf
b>
Output written on update_15mar.pdf (34 pages, 3653774 bytes).
PDF statistics:
 558 PDF objects out of 1000 (max. 8388607)
 89 named destinations out of 1000 (max. 500000)
 199 words of extra memory for PDF output out of 10000 (max. 10000000)

